[ 2017-02-18T00:16:59+08:00 ] 127.0.0.1 /Admin/SourseItem/showSourseItem.html
INFO: [ app_init ] --START--
INFO: Run Behavior\BuildLiteBehavior [ RunTime:0.000000s ]
INFO: [ app_init ] --END-- [ RunTime:0.002000s ]
INFO: [ app_begin ] --START--
INFO: Run Behavior\ReadHtmlCacheBehavior [ RunTime:0.001000s ]
INFO: [ app_begin ] --END-- [ RunTime:0.001000s ]
SQL: SHOW COLUMNS FROM `sx_sourse_item` [ RunTime:0.0130s ]
SQL: SELECT * FROM `sx_sourse_item`  [ RunTime:0.0010s ]
NOTIC: [8] Use of undefined constant data - assumed 'data' C:\phpStudy\WWW\thinkphp323\Application\Admin\Controller\SourseItemController.class.php 第 19 行.
INFO: [ view_parse ] --START--
INFO: [ template_filter ] --START--
INFO: Run Behavior\ContentReplaceBehavior [ RunTime:0.001000s ]
INFO: [ template_filter ] --END-- [ RunTime:0.001000s ]
INFO: Run Behavior\ParseTemplateBehavior [ RunTime:0.018001s ]
INFO: [ view_parse ] --END-- [ RunTime:0.018001s ]
INFO: [ view_filter ] --START--
INFO: Run Behavior\WriteHtmlCacheBehavior [ RunTime:0.001000s ]
INFO: [ view_filter ] --END-- [ RunTime:0.001000s ]
INFO: [ app_end ] --START--
INFO: Run Behavior\ShowPageTraceBehavior [ RunTime:0.003000s ]
INFO: [ app_end ] --END-- [ RunTime:0.003000s ]

[ 2017-02-18T00:17:01+08:00 ] 127.0.0.1 /Admin/SourseItem/addSourseItem.html
INFO: [ app_init ] --START--
INFO: Run Behavior\BuildLiteBehavior [ RunTime:0.000000s ]
INFO: [ app_init ] --END-- [ RunTime:0.000000s ]
INFO: [ app_begin ] --START--
INFO: Run Behavior\ReadHtmlCacheBehavior [ RunTime:0.000000s ]
INFO: [ app_begin ] --END-- [ RunTime:0.000000s ]
SQL: SHOW COLUMNS FROM `sx_sourse_class_teacher` [ RunTime:0.0050s ]
SQL: SELECT a.*,b.sourse,c.class,d.profession from sx_sourse_class_teacher a LEFT JOIN sx_sourse b on a.sourse_id=b.id LEFT JOIN sx_class c on a.class_id=c.id LEFT JOIN sx_profession d on d.id=c.profession_id where a.teacher_id=4; [ RunTime:0.0050s ]
NOTIC: [8] Use of undefined constant data - assumed 'data' C:\phpStudy\WWW\thinkphp323\Application\Admin\Controller\SourseItemController.class.php 第 26 行.
SQL: SELECT a.*,b.listname from sx_sct_consumablelist a LEFT JOIN sx_consumable_list b on a.list_id=b.id where a.sct_id=77 and a.suoshu_id=1; [ RunTime:0.0080s ]
SQL: SELECT a.*,b.listname from sx_sct_consumablelist a LEFT JOIN sx_tool_list b on a.list_id=b.id where a.sct_id=77 and a.suoshu_id=2; [ RunTime:0.0030s ]
NOTIC: [8] Use of undefined constant dataa - assumed 'dataa' C:\phpStudy\WWW\thinkphp323\Application\Admin\Controller\SourseItemController.class.php 第 30 行.
INFO: [ view_parse ] --START--
INFO: [ template_filter ] --START--
INFO: Run Behavior\ContentReplaceBehavior [ RunTime:0.000000s ]
INFO: [ template_filter ] --END-- [ RunTime:0.001000s ]
NOTIC: [8] Undefined variable: sct_id C:\phpStudy\WWW\thinkphp323\Application\Runtime\Cache\Admin\7d7da5e3bd281a07bb3f8a133b92781e.php 第 52 行.
INFO: Run Behavior\ParseTemplateBehavior [ RunTime:0.011001s ]
INFO: [ view_parse ] --END-- [ RunTime:0.011001s ]
INFO: [ view_filter ] --START--
INFO: Run Behavior\WriteHtmlCacheBehavior [ RunTime:0.000000s ]
INFO: [ view_filter ] --END-- [ RunTime:0.000000s ]
INFO: [ app_end ] --START--
INFO: Run Behavior\ShowPageTraceBehavior [ RunTime:0.001000s ]
INFO: [ app_end ] --END-- [ RunTime:0.001000s ]

[ 2017-02-18T00:17:04+08:00 ] 127.0.0.1 /Admin/SourseItem/searchsourse.html?sct_id=40
INFO: [ app_init ] --START--
INFO: Run Behavior\BuildLiteBehavior [ RunTime:0.000000s ]
INFO: [ app_init ] --END-- [ RunTime:0.001000s ]
INFO: [ app_begin ] --START--
INFO: Run Behavior\ReadHtmlCacheBehavior [ RunTime:0.001000s ]
INFO: [ app_begin ] --END-- [ RunTime:0.001000s ]
SQL: SHOW COLUMNS FROM `sx_sourse_class_teacher` [ RunTime:0.0040s ]
SQL: SELECT a.*,b.listname,b.id idd from sx_sct_consumablelist a LEFT JOIN sx_consumable_list b on a.list_id=b.id where a.sct_id=40 and a.suoshu_id=1; [ RunTime:0.0010s ]

[ 2017-02-18T00:17:06+08:00 ] 127.0.0.1 /Admin/SourseItem/displayunit.html?id=4
INFO: [ app_init ] --START--
INFO: Run Behavior\BuildLiteBehavior [ RunTime:0.000000s ]
INFO: [ app_init ] --END-- [ RunTime:0.001000s ]
INFO: [ app_begin ] --START--
INFO: Run Behavior\ReadHtmlCacheBehavior [ RunTime:0.001000s ]
INFO: [ app_begin ] --END-- [ RunTime:0.002000s ]
SQL: SHOW COLUMNS FROM `sx_consumable_list` [ RunTime:0.0050s ]
SQL: SELECT * FROM `sx_consumable_list` WHERE ( id=4 )  [ RunTime:0.0000s ]

[ 2017-02-18T10:33:23+08:00 ] 127.0.0.1 /Admin/index/index
INFO: [ app_init ] --START--
INFO: Run Behavior\BuildLiteBehavior [ RunTime:0.000000s ]
INFO: [ app_init ] --END-- [ RunTime:0.006001s ]
INFO: [ app_begin ] --START--
INFO: Run Behavior\ReadHtmlCacheBehavior [ RunTime:0.002000s ]
INFO: [ app_begin ] --END-- [ RunTime:0.002000s ]
INFO: [ view_parse ] --START--
INFO: [ template_filter ] --START--
INFO: Run Behavior\ContentReplaceBehavior [ RunTime:0.002000s ]
INFO: [ template_filter ] --END-- [ RunTime:0.002000s ]
INFO: Run Behavior\ParseTemplateBehavior [ RunTime:0.020002s ]
INFO: [ view_parse ] --END-- [ RunTime:0.020002s ]
INFO: [ view_filter ] --START--
INFO: Run Behavior\WriteHtmlCacheBehavior [ RunTime:0.003000s ]
INFO: [ view_filter ] --END-- [ RunTime:0.003000s ]
INFO: [ app_end ] --START--
INFO: Run Behavior\ShowPageTraceBehavior [ RunTime:0.002000s ]
INFO: [ app_end ] --END-- [ RunTime:0.003000s ]

[ 2017-02-18T10:35:31+08:00 ] 127.0.0.1 /Admin/index/index
INFO: [ app_init ] --START--
INFO: Run Behavior\BuildLiteBehavior [ RunTime:0.000000s ]
INFO: [ app_init ] --END-- [ RunTime:0.000000s ]
INFO: [ app_begin ] --START--
INFO: Run Behavior\ReadHtmlCacheBehavior [ RunTime:0.001000s ]
INFO: [ app_begin ] --END-- [ RunTime:0.002000s ]
INFO: [ view_parse ] --START--
INFO: [ template_filter ] --START--
INFO: Run Behavior\ContentReplaceBehavior [ RunTime:0.000000s ]
INFO: [ template_filter ] --END-- [ RunTime:0.000000s ]
INFO: Run Behavior\ParseTemplateBehavior [ RunTime:0.012001s ]
INFO: [ view_parse ] --END-- [ RunTime:0.012001s ]
INFO: [ view_filter ] --START--
INFO: Run Behavior\WriteHtmlCacheBehavior [ RunTime:0.001000s ]
INFO: [ view_filter ] --END-- [ RunTime:0.001000s ]
INFO: [ app_end ] --START--
INFO: Run Behavior\ShowPageTraceBehavior [ RunTime:0.001000s ]
INFO: [ app_end ] --END-- [ RunTime:0.001000s ]

[ 2017-02-18T10:35:39+08:00 ] 127.0.0.1 /Admin/SourseItem/showSourseItem.html
INFO: [ app_init ] --START--
INFO: Run Behavior\BuildLiteBehavior [ RunTime:0.000000s ]
INFO: [ app_init ] --END-- [ RunTime:0.001000s ]
INFO: [ app_begin ] --START--
INFO: Run Behavior\ReadHtmlCacheBehavior [ RunTime:0.001000s ]
INFO: [ app_begin ] --END-- [ RunTime:0.001000s ]
SQL: SHOW COLUMNS FROM `sx_sourse_item` [ RunTime:0.0160s ]
SQL: SELECT * FROM `sx_sourse_item`  [ RunTime:0.0000s ]
NOTIC: [8] Use of undefined constant data - assumed 'data' C:\phpStudy\WWW\thinkphp323\Application\Admin\Controller\SourseItemController.class.php 第 19 行.
INFO: [ view_parse ] --START--
INFO: [ template_filter ] --START--
INFO: Run Behavior\ContentReplaceBehavior [ RunTime:0.000000s ]
INFO: [ template_filter ] --END-- [ RunTime:0.000000s ]
INFO: Run Behavior\ParseTemplateBehavior [ RunTime:0.017001s ]
INFO: [ view_parse ] --END-- [ RunTime:0.017001s ]
INFO: [ view_filter ] --START--
INFO: Run Behavior\WriteHtmlCacheBehavior [ RunTime:0.001000s ]
INFO: [ view_filter ] --END-- [ RunTime:0.001000s ]
INFO: [ app_end ] --START--
INFO: Run Behavior\ShowPageTraceBehavior [ RunTime:0.001000s ]
INFO: [ app_end ] --END-- [ RunTime:0.001000s ]

[ 2017-02-18T10:36:12+08:00 ] 127.0.0.1 /Admin/SourseItem/showSourseItem.html
INFO: [ app_init ] --START--
INFO: Run Behavior\BuildLiteBehavior [ RunTime:0.000000s ]
INFO: [ app_init ] --END-- [ RunTime:0.001000s ]
INFO: [ app_begin ] --START--
INFO: Run Behavior\ReadHtmlCacheBehavior [ RunTime:0.001000s ]
INFO: [ app_begin ] --END-- [ RunTime:0.001000s ]
SQL: SHOW COLUMNS FROM `sx_sourse_item` [ RunTime:0.0140s ]
SQL: SELECT * FROM `sx_sourse_item`  [ RunTime:0.0010s ]
NOTIC: [8] Use of undefined constant data - assumed 'data' C:\phpStudy\WWW\thinkphp323\Application\Admin\Controller\SourseItemController.class.php 第 19 行.
INFO: [ view_parse ] --START--
INFO: [ template_filter ] --START--
INFO: Run Behavior\ContentReplaceBehavior [ RunTime:0.000000s ]
INFO: [ template_filter ] --END-- [ RunTime:0.000000s ]
INFO: Run Behavior\ParseTemplateBehavior [ RunTime:0.013001s ]
INFO: [ view_parse ] --END-- [ RunTime:0.013001s ]
INFO: [ view_filter ] --START--
INFO: Run Behavior\WriteHtmlCacheBehavior [ RunTime:0.000000s ]
INFO: [ view_filter ] --END-- [ RunTime:0.000000s ]
INFO: [ app_end ] --START--
INFO: Run Behavior\ShowPageTraceBehavior [ RunTime:0.001000s ]
INFO: [ app_end ] --END-- [ RunTime:0.001000s ]

[ 2017-02-18T10:42:14+08:00 ] 127.0.0.1 /Admin/SourseItem/addSourseItem.html
INFO: [ app_init ] --START--
INFO: Run Behavior\BuildLiteBehavior [ RunTime:0.001000s ]
INFO: [ app_init ] --END-- [ RunTime:0.001000s ]
INFO: [ app_begin ] --START--
INFO: Run Behavior\ReadHtmlCacheBehavior [ RunTime:0.002000s ]
INFO: [ app_begin ] --END-- [ RunTime:0.002000s ]
SQL: SHOW COLUMNS FROM `sx_sourse_class_teacher` [ RunTime:0.0120s ]
SQL: SELECT a.*,b.sourse,c.class,d.profession from sx_sourse_class_teacher a LEFT JOIN sx_sourse b on a.sourse_id=b.id LEFT JOIN sx_class c on a.class_id=c.id LEFT JOIN sx_profession d on d.id=c.profession_id where a.teacher_id=4; [ RunTime:0.0110s ]
NOTIC: [8] Use of undefined constant data - assumed 'data' C:\phpStudy\WWW\thinkphp323\Application\Admin\Controller\SourseItemController.class.php 第 26 行.
SQL: SELECT a.*,b.listname from sx_sct_consumablelist a LEFT JOIN sx_consumable_list b on a.list_id=b.id where a.sct_id=77 and a.suoshu_id=1; [ RunTime:0.0110s ]
SQL: SELECT a.*,b.listname from sx_sct_consumablelist a LEFT JOIN sx_tool_list b on a.list_id=b.id where a.sct_id=77 and a.suoshu_id=2; [ RunTime:0.0020s ]
NOTIC: [8] Use of undefined constant dataa - assumed 'dataa' C:\phpStudy\WWW\thinkphp323\Application\Admin\Controller\SourseItemController.class.php 第 30 行.
INFO: [ view_parse ] --START--
INFO: [ template_filter ] --START--
INFO: Run Behavior\ContentReplaceBehavior [ RunTime:0.000000s ]
INFO: [ template_filter ] --END-- [ RunTime:0.001000s ]
NOTIC: [8] Undefined variable: sct_id C:\phpStudy\WWW\thinkphp323\Application\Runtime\Cache\Admin\7d7da5e3bd281a07bb3f8a133b92781e.php 第 52 行.
INFO: Run Behavior\ParseTemplateBehavior [ RunTime:0.016001s ]
INFO: [ view_parse ] --END-- [ RunTime:0.018001s ]
INFO: [ view_filter ] --START--
INFO: Run Behavior\WriteHtmlCacheBehavior [ RunTime:0.000000s ]
INFO: [ view_filter ] --END-- [ RunTime:0.001000s ]
INFO: [ app_end ] --START--
INFO: Run Behavior\ShowPageTraceBehavior [ RunTime:0.001000s ]
INFO: [ app_end ] --END-- [ RunTime:0.001000s ]

[ 2017-02-18T10:42:35+08:00 ] 127.0.0.1 /Admin/SourseItem/searchsourse.html?sct_id=70
INFO: [ app_init ] --START--
INFO: Run Behavior\BuildLiteBehavior [ RunTime:0.001000s ]
INFO: [ app_init ] --END-- [ RunTime:0.001000s ]
INFO: [ app_begin ] --START--
INFO: Run Behavior\ReadHtmlCacheBehavior [ RunTime:0.001000s ]
INFO: [ app_begin ] --END-- [ RunTime:0.001000s ]
SQL: SHOW COLUMNS FROM `sx_sourse_class_teacher` [ RunTime:0.0160s ]
SQL: SELECT a.*,b.listname,b.id idd from sx_sct_consumablelist a LEFT JOIN sx_consumable_list b on a.list_id=b.id where a.sct_id=70 and a.suoshu_id=1; [ RunTime:0.0010s ]

[ 2017-02-18T10:42:37+08:00 ] 127.0.0.1 /Admin/SourseItem/displayunit.html?id=1
INFO: [ app_init ] --START--
INFO: Run Behavior\BuildLiteBehavior [ RunTime:0.000000s ]
INFO: [ app_init ] --END-- [ RunTime:0.001000s ]
INFO: [ app_begin ] --START--
INFO: Run Behavior\ReadHtmlCacheBehavior [ RunTime:0.001000s ]
INFO: [ app_begin ] --END-- [ RunTime:0.001000s ]
SQL: SHOW COLUMNS FROM `sx_consumable_list` [ RunTime:0.0090s ]
SQL: SELECT * FROM `sx_consumable_list` WHERE ( id=1 )  [ RunTime:0.0010s ]

[ 2017-02-18T10:44:38+08:00 ] 127.0.0.1 /Admin/SourseItem/addSourseItem.html
INFO: [ app_init ] --START--
INFO: Run Behavior\BuildLiteBehavior [ RunTime:0.000000s ]
INFO: [ app_init ] --END-- [ RunTime:0.000000s ]
INFO: [ app_begin ] --START--
INFO: Run Behavior\ReadHtmlCacheBehavior [ RunTime:0.000000s ]
INFO: [ app_begin ] --END-- [ RunTime:0.001000s ]
SQL: SHOW COLUMNS FROM `sx_sourse_class_teacher` [ RunTime:0.0090s ]
SQL: SELECT a.*,b.sourse,c.class,d.profession from sx_sourse_class_teacher a LEFT JOIN sx_sourse b on a.sourse_id=b.id LEFT JOIN sx_class c on a.class_id=c.id LEFT JOIN sx_profession d on d.id=c.profession_id where a.teacher_id=4; [ RunTime:0.0000s ]
NOTIC: [8] Use of undefined constant data - assumed 'data' C:\phpStudy\WWW\thinkphp323\Application\Admin\Controller\SourseItemController.class.php 第 26 行.
SQL: SELECT a.*,b.listname from sx_sct_consumablelist a LEFT JOIN sx_consumable_list b on a.list_id=b.id where a.sct_id=77 and a.suoshu_id=1; [ RunTime:0.0000s ]
SQL: SELECT a.*,b.listname from sx_sct_consumablelist a LEFT JOIN sx_tool_list b on a.list_id=b.id where a.sct_id=77 and a.suoshu_id=2; [ RunTime:0.0000s ]
NOTIC: [8] Use of undefined constant dataa - assumed 'dataa' C:\phpStudy\WWW\thinkphp323\Application\Admin\Controller\SourseItemController.class.php 第 30 行.
INFO: [ view_parse ] --START--
INFO: [ template_filter ] --START--
INFO: Run Behavior\ContentReplaceBehavior [ RunTime:0.000000s ]
INFO: [ template_filter ] --END-- [ RunTime:0.000000s ]
NOTIC: [8] Undefined variable: sct_id C:\phpStudy\WWW\thinkphp323\Application\Runtime\Cache\Admin\7d7da5e3bd281a07bb3f8a133b92781e.php 第 52 行.
INFO: Run Behavior\ParseTemplateBehavior [ RunTime:0.015001s ]
INFO: [ view_parse ] --END-- [ RunTime:0.015001s ]
INFO: [ view_filter ] --START--
INFO: Run Behavior\WriteHtmlCacheBehavior [ RunTime:0.000000s ]
INFO: [ view_filter ] --END-- [ RunTime:0.001000s ]
INFO: [ app_end ] --START--
INFO: Run Behavior\ShowPageTraceBehavior [ RunTime:0.001000s ]
INFO: [ app_end ] --END-- [ RunTime:0.001000s ]

[ 2017-02-18T10:59:03+08:00 ] 127.0.0.1 /Admin/SourseItem/addSourseItem.html
INFO: [ app_init ] --START--
INFO: Run Behavior\BuildLiteBehavior [ RunTime:0.000000s ]
INFO: [ app_init ] --END-- [ RunTime:0.001000s ]
INFO: [ app_begin ] --START--
INFO: Run Behavior\ReadHtmlCacheBehavior [ RunTime:0.002000s ]
INFO: [ app_begin ] --END-- [ RunTime:0.002000s ]
SQL: SHOW COLUMNS FROM `sx_sourse_class_teacher` [ RunTime:0.0050s ]
SQL: SELECT a.*,b.sourse,c.class,d.profession from sx_sourse_class_teacher a LEFT JOIN sx_sourse b on a.sourse_id=b.id LEFT JOIN sx_class c on a.class_id=c.id LEFT JOIN sx_profession d on d.id=c.profession_id where a.teacher_id=4; [ RunTime:0.0040s ]
NOTIC: [8] Use of undefined constant data - assumed 'data' C:\phpStudy\WWW\thinkphp323\Application\Admin\Controller\SourseItemController.class.php 第 26 行.
SQL: SELECT a.*,b.listname from sx_sct_consumablelist a LEFT JOIN sx_consumable_list b on a.list_id=b.id where a.sct_id=77 and a.suoshu_id=1; [ RunTime:0.0020s ]
SQL: SELECT a.*,b.listname from sx_sct_consumablelist a LEFT JOIN sx_tool_list b on a.list_id=b.id where a.sct_id=77 and a.suoshu_id=2; [ RunTime:0.0020s ]
NOTIC: [8] Use of undefined constant dataa - assumed 'dataa' C:\phpStudy\WWW\thinkphp323\Application\Admin\Controller\SourseItemController.class.php 第 30 行.
INFO: [ view_parse ] --START--
INFO: [ template_filter ] --START--
INFO: Run Behavior\ContentReplaceBehavior [ RunTime:0.000000s ]
INFO: [ template_filter ] --END-- [ RunTime:0.000000s ]
NOTIC: [8] Undefined variable: sct_id C:\phpStudy\WWW\thinkphp323\Application\Runtime\Cache\Admin\7d7da5e3bd281a07bb3f8a133b92781e.php 第 52 行.
INFO: Run Behavior\ParseTemplateBehavior [ RunTime:0.018001s ]
INFO: [ view_parse ] --END-- [ RunTime:0.018001s ]
INFO: [ view_filter ] --START--
INFO: Run Behavior\WriteHtmlCacheBehavior [ RunTime:0.001000s ]
INFO: [ view_filter ] --END-- [ RunTime:0.001000s ]
INFO: [ app_end ] --START--
INFO: Run Behavior\ShowPageTraceBehavior [ RunTime:0.002000s ]
INFO: [ app_end ] --END-- [ RunTime:0.002000s ]

[ 2017-02-18T10:59:11+08:00 ] 127.0.0.1 /Admin/SourseItem/searchsourse.html?sct_id=70
INFO: [ app_init ] --START--
INFO: Run Behavior\BuildLiteBehavior [ RunTime:0.000000s ]
INFO: [ app_init ] --END-- [ RunTime:0.000000s ]
INFO: [ app_begin ] --START--
INFO: Run Behavior\ReadHtmlCacheBehavior [ RunTime:0.001000s ]
INFO: [ app_begin ] --END-- [ RunTime:0.001000s ]
SQL: SHOW COLUMNS FROM `sx_sourse_class_teacher` [ RunTime:0.0060s ]
SQL: SELECT a.*,b.listname,b.id idd from sx_sct_consumablelist a LEFT JOIN sx_consumable_list b on a.list_id=b.id where a.sct_id=70 and a.suoshu_id=1; [ RunTime:0.0010s ]

[ 2017-02-18T11:00:42+08:00 ] 127.0.0.1 /Admin/SourseItem/addSourseItem.html
INFO: [ app_init ] --START--
INFO: Run Behavior\BuildLiteBehavior [ RunTime:0.000000s ]
INFO: [ app_init ] --END-- [ RunTime:0.000000s ]
INFO: [ app_begin ] --START--
INFO: Run Behavior\ReadHtmlCacheBehavior [ RunTime:0.001000s ]
INFO: [ app_begin ] --END-- [ RunTime:0.001000s ]
SQL: SHOW COLUMNS FROM `sx_sourse_class_teacher` [ RunTime:0.0040s ]
SQL: SELECT a.*,b.sourse,c.class,d.profession from sx_sourse_class_teacher a LEFT JOIN sx_sourse b on a.sourse_id=b.id LEFT JOIN sx_class c on a.class_id=c.id LEFT JOIN sx_profession d on d.id=c.profession_id where a.teacher_id=4; [ RunTime:0.0000s ]
NOTIC: [8] Use of undefined constant data - assumed 'data' C:\phpStudy\WWW\thinkphp323\Application\Admin\Controller\SourseItemController.class.php 第 26 行.
SQL: SELECT a.*,b.listname from sx_sct_consumablelist a LEFT JOIN sx_consumable_list b on a.list_id=b.id where a.sct_id=77 and a.suoshu_id=1; [ RunTime:0.0000s ]
SQL: SELECT a.*,b.listname from sx_sct_consumablelist a LEFT JOIN sx_tool_list b on a.list_id=b.id where a.sct_id=77 and a.suoshu_id=2; [ RunTime:0.0000s ]
NOTIC: [8] Use of undefined constant dataa - assumed 'dataa' C:\phpStudy\WWW\thinkphp323\Application\Admin\Controller\SourseItemController.class.php 第 30 行.
INFO: [ view_parse ] --START--
INFO: [ template_filter ] --START--
INFO: Run Behavior\ContentReplaceBehavior [ RunTime:0.001000s ]
INFO: [ template_filter ] --END-- [ RunTime:0.001000s ]
NOTIC: [8] Undefined variable: sct_id C:\phpStudy\WWW\thinkphp323\Application\Runtime\Cache\Admin\7d7da5e3bd281a07bb3f8a133b92781e.php 第 52 行.
INFO: Run Behavior\ParseTemplateBehavior [ RunTime:0.012001s ]
INFO: [ view_parse ] --END-- [ RunTime:0.012001s ]
INFO: [ view_filter ] --START--
INFO: Run Behavior\WriteHtmlCacheBehavior [ RunTime:0.001000s ]
INFO: [ view_filter ] --END-- [ RunTime:0.001000s ]
INFO: [ app_end ] --START--
INFO: Run Behavior\ShowPageTraceBehavior [ RunTime:0.001000s ]
INFO: [ app_end ] --END-- [ RunTime:0.001000s ]

[ 2017-02-18T11:01:19+08:00 ] 127.0.0.1 /Admin/SourseItem/addSourseItem.html
INFO: [ app_init ] --START--
INFO: Run Behavior\BuildLiteBehavior [ RunTime:0.000000s ]
INFO: [ app_init ] --END-- [ RunTime:0.001000s ]
INFO: [ app_begin ] --START--
INFO: Run Behavior\ReadHtmlCacheBehavior [ RunTime:0.001000s ]
INFO: [ app_begin ] --END-- [ RunTime:0.002000s ]
SQL: SHOW COLUMNS FROM `sx_sourse_class_teacher` [ RunTime:0.0040s ]
SQL: SELECT a.*,b.sourse,c.class,d.profession from sx_sourse_class_teacher a LEFT JOIN sx_sourse b on a.sourse_id=b.id LEFT JOIN sx_class c on a.class_id=c.id LEFT JOIN sx_profession d on d.id=c.profession_id where a.teacher_id=4; [ RunTime:0.0000s ]
NOTIC: [8] Use of undefined constant data - assumed 'data' C:\phpStudy\WWW\thinkphp323\Application\Admin\Controller\SourseItemController.class.php 第 26 行.
SQL: SELECT a.*,b.listname from sx_sct_consumablelist a LEFT JOIN sx_consumable_list b on a.list_id=b.id where a.sct_id=77 and a.suoshu_id=1; [ RunTime:0.0010s ]
SQL: SELECT a.*,b.listname from sx_sct_consumablelist a LEFT JOIN sx_tool_list b on a.list_id=b.id where a.sct_id=77 and a.suoshu_id=2; [ RunTime:0.0000s ]
NOTIC: [8] Use of undefined constant dataa - assumed 'dataa' C:\phpStudy\WWW\thinkphp323\Application\Admin\Controller\SourseItemController.class.php 第 30 行.
INFO: [ view_parse ] --START--
INFO: [ template_filter ] --START--
INFO: Run Behavior\ContentReplaceBehavior [ RunTime:0.000000s ]
INFO: [ template_filter ] --END-- [ RunTime:0.000000s ]
NOTIC: [8] Undefined variable: sct_id C:\phpStudy\WWW\thinkphp323\Application\Runtime\Cache\Admin\7d7da5e3bd281a07bb3f8a133b92781e.php 第 52 行.
INFO: Run Behavior\ParseTemplateBehavior [ RunTime:0.013001s ]
INFO: [ view_parse ] --END-- [ RunTime:0.013001s ]
INFO: [ view_filter ] --START--
INFO: Run Behavior\WriteHtmlCacheBehavior [ RunTime:0.000000s ]
INFO: [ view_filter ] --END-- [ RunTime:0.000000s ]
INFO: [ app_end ] --START--
INFO: Run Behavior\ShowPageTraceBehavior [ RunTime:0.001000s ]
INFO: [ app_end ] --END-- [ RunTime:0.001000s ]

[ 2017-02-18T11:01:19+08:00 ] 127.0.0.1 /Admin/SourseItem/addSourseItem.html
INFO: [ app_init ] --START--
INFO: Run Behavior\BuildLiteBehavior [ RunTime:0.000000s ]
INFO: [ app_init ] --END-- [ RunTime:0.001000s ]
INFO: [ app_begin ] --START--
INFO: Run Behavior\ReadHtmlCacheBehavior [ RunTime:0.001000s ]
INFO: [ app_begin ] --END-- [ RunTime:0.001000s ]
SQL: SHOW COLUMNS FROM `sx_sourse_class_teacher` [ RunTime:0.0050s ]
SQL: SELECT a.*,b.sourse,c.class,d.profession from sx_sourse_class_teacher a LEFT JOIN sx_sourse b on a.sourse_id=b.id LEFT JOIN sx_class c on a.class_id=c.id LEFT JOIN sx_profession d on d.id=c.profession_id where a.teacher_id=4; [ RunTime:0.0010s ]
NOTIC: [8] Use of undefined constant data - assumed 'data' C:\phpStudy\WWW\thinkphp323\Application\Admin\Controller\SourseItemController.class.php 第 26 行.
SQL: SELECT a.*,b.listname from sx_sct_consumablelist a LEFT JOIN sx_consumable_list b on a.list_id=b.id where a.sct_id=77 and a.suoshu_id=1; [ RunTime:0.0010s ]
SQL: SELECT a.*,b.listname from sx_sct_consumablelist a LEFT JOIN sx_tool_list b on a.list_id=b.id where a.sct_id=77 and a.suoshu_id=2; [ RunTime:0.0010s ]
NOTIC: [8] Use of undefined constant dataa - assumed 'dataa' C:\phpStudy\WWW\thinkphp323\Application\Admin\Controller\SourseItemController.class.php 第 30 行.
INFO: [ view_parse ] --START--
INFO: [ template_filter ] --START--
INFO: Run Behavior\ContentReplaceBehavior [ RunTime:0.000000s ]
INFO: [ template_filter ] --END-- [ RunTime:0.000000s ]
NOTIC: [8] Undefined variable: sct_id C:\phpStudy\WWW\thinkphp323\Application\Runtime\Cache\Admin\7d7da5e3bd281a07bb3f8a133b92781e.php 第 52 行.
INFO: Run Behavior\ParseTemplateBehavior [ RunTime:0.017001s ]
INFO: [ view_parse ] --END-- [ RunTime:0.017001s ]
INFO: [ view_filter ] --START--
INFO: Run Behavior\WriteHtmlCacheBehavior [ RunTime:0.001000s ]
INFO: [ view_filter ] --END-- [ RunTime:0.001000s ]
INFO: [ app_end ] --START--
INFO: Run Behavior\ShowPageTraceBehavior [ RunTime:0.001000s ]
INFO: [ app_end ] --END-- [ RunTime:0.001000s ]

[ 2017-02-18T11:01:30+08:00 ] 127.0.0.1 /Admin/SourseItem/searchsourse.html?sct_id=70
INFO: [ app_init ] --START--
INFO: Run Behavior\BuildLiteBehavior [ RunTime:0.000000s ]
INFO: [ app_init ] --END-- [ RunTime:0.001000s ]
INFO: [ app_begin ] --START--
INFO: Run Behavior\ReadHtmlCacheBehavior [ RunTime:0.001000s ]
INFO: [ app_begin ] --END-- [ RunTime:0.001000s ]
SQL: SHOW COLUMNS FROM `sx_sourse_class_teacher` [ RunTime:0.0050s ]
SQL: SELECT a.*,b.listname,b.id idd from sx_sct_consumablelist a LEFT JOIN sx_consumable_list b on a.list_id=b.id where a.sct_id=70 and a.suoshu_id=1; [ RunTime:0.0010s ]

[ 2017-02-18T11:01:33+08:00 ] 127.0.0.1 /Admin/SourseItem/displayunit.html?id=2
INFO: [ app_init ] --START--
INFO: Run Behavior\BuildLiteBehavior [ RunTime:0.000000s ]
INFO: [ app_init ] --END-- [ RunTime:0.001000s ]
INFO: [ app_begin ] --START--
INFO: Run Behavior\ReadHtmlCacheBehavior [ RunTime:0.001000s ]
INFO: [ app_begin ] --END-- [ RunTime:0.001000s ]
SQL: SHOW COLUMNS FROM `sx_consumable_list` [ RunTime:0.0050s ]
SQL: SELECT * FROM `sx_consumable_list` WHERE ( id=2 )  [ RunTime:0.0000s ]

[ 2017-02-18T11:01:35+08:00 ] 127.0.0.1 /Admin/SourseItem/displayunit.html?id=1
INFO: [ app_init ] --START--
INFO: Run Behavior\BuildLiteBehavior [ RunTime:0.000000s ]
INFO: [ app_init ] --END-- [ RunTime:0.000000s ]
INFO: [ app_begin ] --START--
INFO: Run Behavior\ReadHtmlCacheBehavior [ RunTime:0.001000s ]
INFO: [ app_begin ] --END-- [ RunTime:0.002000s ]
SQL: SHOW COLUMNS FROM `sx_consumable_list` [ RunTime:0.0050s ]
SQL: SELECT * FROM `sx_consumable_list` WHERE ( id=1 )  [ RunTime:0.0010s ]

[ 2017-02-18T11:01:36+08:00 ] 127.0.0.1 /Admin/SourseItem/displayunit.html?id=1
INFO: [ app_init ] --START--
INFO: Run Behavior\BuildLiteBehavior [ RunTime:0.000000s ]
INFO: [ app_init ] --END-- [ RunTime:0.000000s ]
INFO: [ app_begin ] --START--
INFO: Run Behavior\ReadHtmlCacheBehavior [ RunTime:0.000000s ]
INFO: [ app_begin ] --END-- [ RunTime:0.000000s ]
SQL: SHOW COLUMNS FROM `sx_consumable_list` [ RunTime:0.0040s ]
SQL: SELECT * FROM `sx_consumable_list` WHERE ( id=1 )  [ RunTime:0.0010s ]

[ 2017-02-18T11:01:38+08:00 ] 127.0.0.1 /Admin/SourseItem/displayunit.html?id=2
INFO: [ app_init ] --START--
INFO: Run Behavior\BuildLiteBehavior [ RunTime:0.000000s ]
INFO: [ app_init ] --END-- [ RunTime:0.001000s ]
INFO: [ app_begin ] --START--
INFO: Run Behavior\ReadHtmlCacheBehavior [ RunTime:0.000000s ]
INFO: [ app_begin ] --END-- [ RunTime:0.000000s ]
SQL: SHOW COLUMNS FROM `sx_consumable_list` [ RunTime:0.0030s ]
SQL: SELECT * FROM `sx_consumable_list` WHERE ( id=2 )  [ RunTime:0.0000s ]

[ 2017-02-18T11:01:45+08:00 ] 127.0.0.1 /Admin/SourseItem/addSourseItem.html
INFO: [ app_init ] --START--
INFO: Run Behavior\BuildLiteBehavior [ RunTime:0.000000s ]
INFO: [ app_init ] --END-- [ RunTime:0.001000s ]
INFO: [ app_begin ] --START--
INFO: Run Behavior\ReadHtmlCacheBehavior [ RunTime:0.001000s ]
INFO: [ app_begin ] --END-- [ RunTime:0.001000s ]
SQL: SHOW COLUMNS FROM `sx_sourse_class_teacher` [ RunTime:0.0040s ]
SQL: SELECT a.*,b.sourse,c.class,d.profession from sx_sourse_class_teacher a LEFT JOIN sx_sourse b on a.sourse_id=b.id LEFT JOIN sx_class c on a.class_id=c.id LEFT JOIN sx_profession d on d.id=c.profession_id where a.teacher_id=4; [ RunTime:0.0000s ]
NOTIC: [8] Use of undefined constant data - assumed 'data' C:\phpStudy\WWW\thinkphp323\Application\Admin\Controller\SourseItemController.class.php 第 26 行.
SQL: SELECT a.*,b.listname from sx_sct_consumablelist a LEFT JOIN sx_consumable_list b on a.list_id=b.id where a.sct_id=77 and a.suoshu_id=1; [ RunTime:0.0010s ]
SQL: SELECT a.*,b.listname from sx_sct_consumablelist a LEFT JOIN sx_tool_list b on a.list_id=b.id where a.sct_id=77 and a.suoshu_id=2; [ RunTime:0.0000s ]
NOTIC: [8] Use of undefined constant dataa - assumed 'dataa' C:\phpStudy\WWW\thinkphp323\Application\Admin\Controller\SourseItemController.class.php 第 30 行.
INFO: [ view_parse ] --START--
INFO: [ template_filter ] --START--
INFO: Run Behavior\ContentReplaceBehavior [ RunTime:0.000000s ]
INFO: [ template_filter ] --END-- [ RunTime:0.000000s ]
NOTIC: [8] Undefined variable: sct_id C:\phpStudy\WWW\thinkphp323\Application\Runtime\Cache\Admin\7d7da5e3bd281a07bb3f8a133b92781e.php 第 52 行.
INFO: Run Behavior\ParseTemplateBehavior [ RunTime:0.013001s ]
INFO: [ view_parse ] --END-- [ RunTime:0.013001s ]
INFO: [ view_filter ] --START--
INFO: Run Behavior\WriteHtmlCacheBehavior [ RunTime:0.001000s ]
INFO: [ view_filter ] --END-- [ RunTime:0.001000s ]
INFO: [ app_end ] --START--
INFO: Run Behavior\ShowPageTraceBehavior [ RunTime:0.001000s ]
INFO: [ app_end ] --END-- [ RunTime:0.001000s ]

[ 2017-02-18T11:01:53+08:00 ] 127.0.0.1 /Admin/SourseItem/addSourseItem.html
INFO: [ app_init ] --START--
INFO: Run Behavior\BuildLiteBehavior [ RunTime:0.000000s ]
INFO: [ app_init ] --END-- [ RunTime:0.001000s ]
INFO: [ app_begin ] --START--
INFO: Run Behavior\ReadHtmlCacheBehavior [ RunTime:0.000000s ]
INFO: [ app_begin ] --END-- [ RunTime:0.001000s ]
SQL: SHOW COLUMNS FROM `sx_sourse_class_teacher` [ RunTime:0.0040s ]
SQL: SELECT a.*,b.sourse,c.class,d.profession from sx_sourse_class_teacher a LEFT JOIN sx_sourse b on a.sourse_id=b.id LEFT JOIN sx_class c on a.class_id=c.id LEFT JOIN sx_profession d on d.id=c.profession_id where a.teacher_id=4; [ RunTime:0.0010s ]
NOTIC: [8] Use of undefined constant data - assumed 'data' C:\phpStudy\WWW\thinkphp323\Application\Admin\Controller\SourseItemController.class.php 第 26 行.
SQL: SELECT a.*,b.listname from sx_sct_consumablelist a LEFT JOIN sx_consumable_list b on a.list_id=b.id where a.sct_id=77 and a.suoshu_id=1; [ RunTime:0.0000s ]
SQL: SELECT a.*,b.listname from sx_sct_consumablelist a LEFT JOIN sx_tool_list b on a.list_id=b.id where a.sct_id=77 and a.suoshu_id=2; [ RunTime:0.0010s ]
NOTIC: [8] Use of undefined constant dataa - assumed 'dataa' C:\phpStudy\WWW\thinkphp323\Application\Admin\Controller\SourseItemController.class.php 第 30 行.
INFO: [ view_parse ] --START--
INFO: [ template_filter ] --START--
INFO: Run Behavior\ContentReplaceBehavior [ RunTime:0.000000s ]
INFO: [ template_filter ] --END-- [ RunTime:0.000000s ]
NOTIC: [8] Undefined variable: sct_id C:\phpStudy\WWW\thinkphp323\Application\Runtime\Cache\Admin\7d7da5e3bd281a07bb3f8a133b92781e.php 第 52 行.
INFO: Run Behavior\ParseTemplateBehavior [ RunTime:0.011000s ]
INFO: [ view_parse ] --END-- [ RunTime:0.011000s ]
INFO: [ view_filter ] --START--
INFO: Run Behavior\WriteHtmlCacheBehavior [ RunTime:0.001001s ]
INFO: [ view_filter ] --END-- [ RunTime:0.001001s ]
INFO: [ app_end ] --START--
INFO: Run Behavior\ShowPageTraceBehavior [ RunTime:0.001000s ]
INFO: [ app_end ] --END-- [ RunTime:0.001000s ]

[ 2017-02-18T11:02:10+08:00 ] 127.0.0.1 /Admin/SourseItem/addSourseItem.html
INFO: [ app_init ] --START--
INFO: Run Behavior\BuildLiteBehavior [ RunTime:0.000000s ]
INFO: [ app_init ] --END-- [ RunTime:0.000000s ]
INFO: [ app_begin ] --START--
INFO: Run Behavior\ReadHtmlCacheBehavior [ RunTime:0.001000s ]
INFO: [ app_begin ] --END-- [ RunTime:0.001000s ]
SQL: SHOW COLUMNS FROM `sx_sourse_class_teacher` [ RunTime:0.0030s ]
SQL: SELECT a.*,b.sourse,c.class,d.profession from sx_sourse_class_teacher a LEFT JOIN sx_sourse b on a.sourse_id=b.id LEFT JOIN sx_class c on a.class_id=c.id LEFT JOIN sx_profession d on d.id=c.profession_id where a.teacher_id=4; [ RunTime:0.0000s ]
NOTIC: [8] Use of undefined constant data - assumed 'data' C:\phpStudy\WWW\thinkphp323\Application\Admin\Controller\SourseItemController.class.php 第 26 行.
SQL: SELECT a.*,b.listname from sx_sct_consumablelist a LEFT JOIN sx_consumable_list b on a.list_id=b.id where a.sct_id=77 and a.suoshu_id=1; [ RunTime:0.0010s ]
SQL: SELECT a.*,b.listname from sx_sct_consumablelist a LEFT JOIN sx_tool_list b on a.list_id=b.id where a.sct_id=77 and a.suoshu_id=2; [ RunTime:0.0000s ]
NOTIC: [8] Use of undefined constant dataa - assumed 'dataa' C:\phpStudy\WWW\thinkphp323\Application\Admin\Controller\SourseItemController.class.php 第 30 行.
INFO: [ view_parse ] --START--
INFO: [ template_filter ] --START--
INFO: Run Behavior\ContentReplaceBehavior [ RunTime:0.000000s ]
INFO: [ template_filter ] --END-- [ RunTime:0.000000s ]
NOTIC: [8] Undefined variable: sct_id C:\phpStudy\WWW\thinkphp323\Application\Runtime\Cache\Admin\7d7da5e3bd281a07bb3f8a133b92781e.php 第 52 行.
INFO: Run Behavior\ParseTemplateBehavior [ RunTime:0.011000s ]
INFO: [ view_parse ] --END-- [ RunTime:0.011000s ]
INFO: [ view_filter ] --START--
INFO: Run Behavior\WriteHtmlCacheBehavior [ RunTime:0.001000s ]
INFO: [ view_filter ] --END-- [ RunTime:0.001000s ]
INFO: [ app_end ] --START--
INFO: Run Behavior\ShowPageTraceBehavior [ RunTime:0.001000s ]
INFO: [ app_end ] --END-- [ RunTime:0.001000s ]

[ 2017-02-18T11:12:23+08:00 ] 127.0.0.1 /Admin/index/index
INFO: [ app_init ] --START--
INFO: Run Behavior\BuildLiteBehavior [ RunTime:0.000000s ]
INFO: [ app_init ] --END-- [ RunTime:0.002000s ]
INFO: [ app_begin ] --START--
INFO: Run Behavior\ReadHtmlCacheBehavior [ RunTime:0.002001s ]
INFO: [ app_begin ] --END-- [ RunTime:0.002001s ]
INFO: [ view_parse ] --START--
INFO: [ template_filter ] --START--
INFO: Run Behavior\ContentReplaceBehavior [ RunTime:0.001000s ]
INFO: [ template_filter ] --END-- [ RunTime:0.001000s ]
INFO: Run Behavior\ParseTemplateBehavior [ RunTime:0.019001s ]
INFO: [ view_parse ] --END-- [ RunTime:0.020001s ]
INFO: [ view_filter ] --START--
INFO: Run Behavior\WriteHtmlCacheBehavior [ RunTime:0.002000s ]
INFO: [ view_filter ] --END-- [ RunTime:0.002000s ]
INFO: [ app_end ] --START--
INFO: Run Behavior\ShowPageTraceBehavior [ RunTime:0.001000s ]
INFO: [ app_end ] --END-- [ RunTime:0.001000s ]

[ 2017-02-18T11:12:26+08:00 ] 127.0.0.1 /Admin/SourseItem/showSourseItem.html
INFO: [ app_init ] --START--
INFO: Run Behavior\BuildLiteBehavior [ RunTime:0.000000s ]
INFO: [ app_init ] --END-- [ RunTime:0.001000s ]
INFO: [ app_begin ] --START--
INFO: Run Behavior\ReadHtmlCacheBehavior [ RunTime:0.002000s ]
INFO: [ app_begin ] --END-- [ RunTime:0.003000s ]
SQL: SHOW COLUMNS FROM `sx_sourse_item` [ RunTime:0.0160s ]
SQL: SELECT * FROM `sx_sourse_item`  [ RunTime:0.0010s ]
NOTIC: [8] Use of undefined constant data - assumed 'data' C:\phpStudy\WWW\thinkphp323\Application\Admin\Controller\SourseItemController.class.php 第 19 行.
INFO: [ view_parse ] --START--
INFO: [ template_filter ] --START--
INFO: Run Behavior\ContentReplaceBehavior [ RunTime:0.001000s ]
INFO: [ template_filter ] --END-- [ RunTime:0.001000s ]
INFO: Run Behavior\ParseTemplateBehavior [ RunTime:0.015001s ]
INFO: [ view_parse ] --END-- [ RunTime:0.015001s ]
INFO: [ view_filter ] --START--
INFO: Run Behavior\WriteHtmlCacheBehavior [ RunTime:0.001000s ]
INFO: [ view_filter ] --END-- [ RunTime:0.001000s ]
INFO: [ app_end ] --START--
INFO: Run Behavior\ShowPageTraceBehavior [ RunTime:0.000000s ]
INFO: [ app_end ] --END-- [ RunTime:0.000000s ]

[ 2017-02-18T11:12:27+08:00 ] 127.0.0.1 /Admin/SourseItem/addSourseItem.html
INFO: [ app_init ] --START--
INFO: Run Behavior\BuildLiteBehavior [ RunTime:0.000000s ]
INFO: [ app_init ] --END-- [ RunTime:0.000000s ]
INFO: [ app_begin ] --START--
INFO: Run Behavior\ReadHtmlCacheBehavior [ RunTime:0.001000s ]
INFO: [ app_begin ] --END-- [ RunTime:0.001000s ]
SQL: SHOW COLUMNS FROM `sx_sourse_class_teacher` [ RunTime:0.0230s ]
SQL: SELECT a.*,b.sourse,c.class,d.profession from sx_sourse_class_teacher a LEFT JOIN sx_sourse b on a.sourse_id=b.id LEFT JOIN sx_class c on a.class_id=c.id LEFT JOIN sx_profession d on d.id=c.profession_id where a.teacher_id=4; [ RunTime:0.0090s ]
NOTIC: [8] Use of undefined constant data - assumed 'data' C:\phpStudy\WWW\thinkphp323\Application\Admin\Controller\SourseItemController.class.php 第 26 行.
SQL: SELECT a.*,b.listname from sx_sct_consumablelist a LEFT JOIN sx_consumable_list b on a.list_id=b.id where a.sct_id=77 and a.suoshu_id=1; [ RunTime:0.0060s ]
SQL: SELECT a.*,b.listname from sx_sct_consumablelist a LEFT JOIN sx_tool_list b on a.list_id=b.id where a.sct_id=77 and a.suoshu_id=2; [ RunTime:0.0040s ]
NOTIC: [8] Use of undefined constant dataa - assumed 'dataa' C:\phpStudy\WWW\thinkphp323\Application\Admin\Controller\SourseItemController.class.php 第 30 行.
INFO: [ view_parse ] --START--
INFO: [ template_filter ] --START--
INFO: Run Behavior\ContentReplaceBehavior [ RunTime:0.000000s ]
INFO: [ template_filter ] --END-- [ RunTime:0.000000s ]
NOTIC: [8] Undefined variable: sct_id C:\phpStudy\WWW\thinkphp323\Application\Runtime\Cache\Admin\7d7da5e3bd281a07bb3f8a133b92781e.php 第 52 行.
INFO: Run Behavior\ParseTemplateBehavior [ RunTime:0.013001s ]
INFO: [ view_parse ] --END-- [ RunTime:0.013001s ]
INFO: [ view_filter ] --START--
INFO: Run Behavior\WriteHtmlCacheBehavior [ RunTime:0.000000s ]
INFO: [ view_filter ] --END-- [ RunTime:0.000000s ]
INFO: [ app_end ] --START--
INFO: Run Behavior\ShowPageTraceBehavior [ RunTime:0.001000s ]
INFO: [ app_end ] --END-- [ RunTime:0.001000s ]

[ 2017-02-18T11:12:32+08:00 ] 127.0.0.1 /Admin/SourseItem/searchsourse.html?sct_id=28
INFO: [ app_init ] --START--
INFO: Run Behavior\BuildLiteBehavior [ RunTime:0.000000s ]
INFO: [ app_init ] --END-- [ RunTime:0.001000s ]
INFO: [ app_begin ] --START--
INFO: Run Behavior\ReadHtmlCacheBehavior [ RunTime:0.005000s ]
INFO: [ app_begin ] --END-- [ RunTime:0.005000s ]
SQL: SHOW COLUMNS FROM `sx_sourse_class_teacher` [ RunTime:0.0150s ]
SQL: SELECT a.*,b.listname,b.id idd from sx_sct_consumablelist a LEFT JOIN sx_consumable_list b on a.list_id=b.id where a.sct_id=28 and a.suoshu_id=1; [ RunTime:0.0010s ]

[ 2017-02-18T11:12:36+08:00 ] 127.0.0.1 /Admin/SourseItem/searchsourse.html?sct_id=77
INFO: [ app_init ] --START--
INFO: Run Behavior\BuildLiteBehavior [ RunTime:0.000000s ]
INFO: [ app_init ] --END-- [ RunTime:0.000000s ]
INFO: [ app_begin ] --START--
INFO: Run Behavior\ReadHtmlCacheBehavior [ RunTime:0.001000s ]
INFO: [ app_begin ] --END-- [ RunTime:0.001000s ]
SQL: SHOW COLUMNS FROM `sx_sourse_class_teacher` [ RunTime:0.0050s ]
SQL: SELECT a.*,b.listname,b.id idd from sx_sct_consumablelist a LEFT JOIN sx_consumable_list b on a.list_id=b.id where a.sct_id=77 and a.suoshu_id=1; [ RunTime:0.0010s ]

[ 2017-02-18T11:13:52+08:00 ] 127.0.0.1 /Admin/SourseItem/addSourseItem.html
INFO: [ app_init ] --START--
INFO: Run Behavior\BuildLiteBehavior [ RunTime:0.000000s ]
INFO: [ app_init ] --END-- [ RunTime:0.000000s ]
INFO: [ app_begin ] --START--
INFO: Run Behavior\ReadHtmlCacheBehavior [ RunTime:0.001000s ]
INFO: [ app_begin ] --END-- [ RunTime:0.001000s ]
SQL: SHOW COLUMNS FROM `sx_sourse_class_teacher` [ RunTime:0.0100s ]
SQL: SELECT a.*,b.sourse,c.class,d.profession from sx_sourse_class_teacher a LEFT JOIN sx_sourse b on a.sourse_id=b.id LEFT JOIN sx_class c on a.class_id=c.id LEFT JOIN sx_profession d on d.id=c.profession_id where a.teacher_id=4; [ RunTime:0.0010s ]
NOTIC: [8] Use of undefined constant data - assumed 'data' C:\phpStudy\WWW\thinkphp323\Application\Admin\Controller\SourseItemController.class.php 第 26 行.
SQL: SELECT a.*,b.listname from sx_sct_consumablelist a LEFT JOIN sx_consumable_list b on a.list_id=b.id where a.sct_id=77 and a.suoshu_id=1; [ RunTime:0.0000s ]
SQL: SELECT a.*,b.listname from sx_sct_consumablelist a LEFT JOIN sx_tool_list b on a.list_id=b.id where a.sct_id=77 and a.suoshu_id=2; [ RunTime:0.0000s ]
NOTIC: [8] Use of undefined constant dataa - assumed 'dataa' C:\phpStudy\WWW\thinkphp323\Application\Admin\Controller\SourseItemController.class.php 第 30 行.
INFO: [ view_parse ] --START--
INFO: [ template_filter ] --START--
INFO: Run Behavior\ContentReplaceBehavior [ RunTime:0.000000s ]
INFO: [ template_filter ] --END-- [ RunTime:0.000000s ]
NOTIC: [8] Undefined variable: sct_id C:\phpStudy\WWW\thinkphp323\Application\Runtime\Cache\Admin\7d7da5e3bd281a07bb3f8a133b92781e.php 第 52 行.
INFO: Run Behavior\ParseTemplateBehavior [ RunTime:0.010001s ]
INFO: [ view_parse ] --END-- [ RunTime:0.010001s ]
INFO: [ view_filter ] --START--
INFO: Run Behavior\WriteHtmlCacheBehavior [ RunTime:0.000000s ]
INFO: [ view_filter ] --END-- [ RunTime:0.000000s ]
INFO: [ app_end ] --START--
INFO: Run Behavior\ShowPageTraceBehavior [ RunTime:0.002000s ]
INFO: [ app_end ] --END-- [ RunTime:0.002000s ]

[ 2017-02-18T11:13:54+08:00 ] 127.0.0.1 /Admin/SourseItem/searchsourse.html?sct_id=28
INFO: [ app_init ] --START--
INFO: Run Behavior\BuildLiteBehavior [ RunTime:0.000000s ]
INFO: [ app_init ] --END-- [ RunTime:0.000000s ]
INFO: [ app_begin ] --START--
INFO: Run Behavior\ReadHtmlCacheBehavior [ RunTime:0.001000s ]
INFO: [ app_begin ] --END-- [ RunTime:0.001000s ]
SQL: SHOW COLUMNS FROM `sx_sourse_class_teacher` [ RunTime:0.0110s ]
SQL: SELECT a.*,b.listname,b.id idd from sx_sct_consumablelist a LEFT JOIN sx_consumable_list b on a.list_id=b.id where a.sct_id=28 and a.suoshu_id=1; [ RunTime:0.0010s ]

[ 2017-02-18T11:13:56+08:00 ] 127.0.0.1 /Admin/SourseItem/searchsourse.html?sct_id=70
INFO: [ app_init ] --START--
INFO: Run Behavior\BuildLiteBehavior [ RunTime:0.000000s ]
INFO: [ app_init ] --END-- [ RunTime:0.001000s ]
INFO: [ app_begin ] --START--
INFO: Run Behavior\ReadHtmlCacheBehavior [ RunTime:0.001000s ]
INFO: [ app_begin ] --END-- [ RunTime:0.001000s ]
SQL: SHOW COLUMNS FROM `sx_sourse_class_teacher` [ RunTime:0.0110s ]
SQL: SELECT a.*,b.listname,b.id idd from sx_sct_consumablelist a LEFT JOIN sx_consumable_list b on a.list_id=b.id where a.sct_id=70 and a.suoshu_id=1; [ RunTime:0.0010s ]

[ 2017-02-18T11:16:10+08:00 ] 127.0.0.1 /Admin/SourseItem/displayunit.html?id=1
INFO: [ app_init ] --START--
INFO: Run Behavior\BuildLiteBehavior [ RunTime:0.000000s ]
INFO: [ app_init ] --END-- [ RunTime:0.001000s ]
INFO: [ app_begin ] --START--
INFO: Run Behavior\ReadHtmlCacheBehavior [ RunTime:0.001001s ]
INFO: [ app_begin ] --END-- [ RunTime:0.001001s ]
SQL: SHOW COLUMNS FROM `sx_consumable_list` [ RunTime:0.0040s ]
SQL: SELECT * FROM `sx_consumable_list` WHERE ( id=1 )  [ RunTime:0.0000s ]

[ 2017-02-18T11:16:16+08:00 ] 127.0.0.1 /Admin/SourseItem/addSourseItem.html
INFO: [ app_init ] --START--
INFO: Run Behavior\BuildLiteBehavior [ RunTime:0.000000s ]
INFO: [ app_init ] --END-- [ RunTime:0.001000s ]
INFO: [ app_begin ] --START--
INFO: Run Behavior\ReadHtmlCacheBehavior [ RunTime:0.001000s ]
INFO: [ app_begin ] --END-- [ RunTime:0.001000s ]
SQL: SHOW COLUMNS FROM `sx_sourse_class_teacher` [ RunTime:0.0030s ]
SQL: SELECT a.*,b.sourse,c.class,d.profession from sx_sourse_class_teacher a LEFT JOIN sx_sourse b on a.sourse_id=b.id LEFT JOIN sx_class c on a.class_id=c.id LEFT JOIN sx_profession d on d.id=c.profession_id where a.teacher_id=4; [ RunTime:0.0000s ]
NOTIC: [8] Use of undefined constant data - assumed 'data' C:\phpStudy\WWW\thinkphp323\Application\Admin\Controller\SourseItemController.class.php 第 26 行.
SQL: SELECT a.*,b.listname from sx_sct_consumablelist a LEFT JOIN sx_consumable_list b on a.list_id=b.id where a.sct_id=77 and a.suoshu_id=1; [ RunTime:0.0010s ]
SQL: SELECT a.*,b.listname from sx_sct_consumablelist a LEFT JOIN sx_tool_list b on a.list_id=b.id where a.sct_id=77 and a.suoshu_id=2; [ RunTime:0.0000s ]
NOTIC: [8] Use of undefined constant dataa - assumed 'dataa' C:\phpStudy\WWW\thinkphp323\Application\Admin\Controller\SourseItemController.class.php 第 30 行.
INFO: [ view_parse ] --START--
INFO: [ template_filter ] --START--
INFO: Run Behavior\ContentReplaceBehavior [ RunTime:0.000000s ]
INFO: [ template_filter ] --END-- [ RunTime:0.000000s ]
NOTIC: [8] Undefined variable: sct_id C:\phpStudy\WWW\thinkphp323\Application\Runtime\Cache\Admin\7d7da5e3bd281a07bb3f8a133b92781e.php 第 52 行.
INFO: Run Behavior\ParseTemplateBehavior [ RunTime:0.009001s ]
INFO: [ view_parse ] --END-- [ RunTime:0.009001s ]
INFO: [ view_filter ] --START--
INFO: Run Behavior\WriteHtmlCacheBehavior [ RunTime:0.000000s ]
INFO: [ view_filter ] --END-- [ RunTime:0.000000s ]
INFO: [ app_end ] --START--
INFO: Run Behavior\ShowPageTraceBehavior [ RunTime:0.001000s ]
INFO: [ app_end ] --END-- [ RunTime:0.001000s ]

[ 2017-02-18T11:17:23+08:00 ] 127.0.0.1 /Admin/SourseItem/addSourseItem.html
INFO: [ app_init ] --START--
INFO: Run Behavior\BuildLiteBehavior [ RunTime:0.000000s ]
INFO: [ app_init ] --END-- [ RunTime:0.000000s ]
INFO: [ app_begin ] --START--
INFO: Run Behavior\ReadHtmlCacheBehavior [ RunTime:0.000000s ]
INFO: [ app_begin ] --END-- [ RunTime:0.000000s ]
SQL: SHOW COLUMNS FROM `sx_sourse_class_teacher` [ RunTime:0.0040s ]
SQL: SELECT a.*,b.sourse,c.class,d.profession from sx_sourse_class_teacher a LEFT JOIN sx_sourse b on a.sourse_id=b.id LEFT JOIN sx_class c on a.class_id=c.id LEFT JOIN sx_profession d on d.id=c.profession_id where a.teacher_id=4; [ RunTime:0.0000s ]
NOTIC: [8] Use of undefined constant data - assumed 'data' C:\phpStudy\WWW\thinkphp323\Application\Admin\Controller\SourseItemController.class.php 第 26 行.
SQL: SELECT a.*,b.listname from sx_sct_consumablelist a LEFT JOIN sx_consumable_list b on a.list_id=b.id where a.sct_id=77 and a.suoshu_id=1; [ RunTime:0.0010s ]
SQL: SELECT a.*,b.listname from sx_sct_consumablelist a LEFT JOIN sx_tool_list b on a.list_id=b.id where a.sct_id=77 and a.suoshu_id=2; [ RunTime:0.0000s ]
NOTIC: [8] Use of undefined constant dataa - assumed 'dataa' C:\phpStudy\WWW\thinkphp323\Application\Admin\Controller\SourseItemController.class.php 第 30 行.
INFO: [ view_parse ] --START--
INFO: [ template_filter ] --START--
INFO: Run Behavior\ContentReplaceBehavior [ RunTime:0.000000s ]
INFO: [ template_filter ] --END-- [ RunTime:0.000000s ]
NOTIC: [8] Undefined variable: sct_id C:\phpStudy\WWW\thinkphp323\Application\Runtime\Cache\Admin\7d7da5e3bd281a07bb3f8a133b92781e.php 第 52 行.
INFO: Run Behavior\ParseTemplateBehavior [ RunTime:0.009001s ]
INFO: [ view_parse ] --END-- [ RunTime:0.010001s ]
INFO: [ view_filter ] --START--
INFO: Run Behavior\WriteHtmlCacheBehavior [ RunTime:0.000000s ]
INFO: [ view_filter ] --END-- [ RunTime:0.000000s ]
INFO: [ app_end ] --START--
INFO: Run Behavior\ShowPageTraceBehavior [ RunTime:0.001000s ]
INFO: [ app_end ] --END-- [ RunTime:0.001000s ]

[ 2017-02-18T11:21:07+08:00 ] 127.0.0.1 /Admin/SourseItem/addSourseItem.html
INFO: [ app_init ] --START--
INFO: Run Behavior\BuildLiteBehavior [ RunTime:0.000000s ]
INFO: [ app_init ] --END-- [ RunTime:0.000000s ]
INFO: [ app_begin ] --START--
INFO: Run Behavior\ReadHtmlCacheBehavior [ RunTime:0.001000s ]
INFO: [ app_begin ] --END-- [ RunTime:0.001000s ]
SQL: SHOW COLUMNS FROM `sx_sourse_class_teacher` [ RunTime:0.0030s ]
SQL: SELECT a.*,b.sourse,c.class,d.profession from sx_sourse_class_teacher a LEFT JOIN sx_sourse b on a.sourse_id=b.id LEFT JOIN sx_class c on a.class_id=c.id LEFT JOIN sx_profession d on d.id=c.profession_id where a.teacher_id=4; [ RunTime:0.0000s ]
NOTIC: [8] Use of undefined constant data - assumed 'data' C:\phpStudy\WWW\thinkphp323\Application\Admin\Controller\SourseItemController.class.php 第 26 行.
SQL: SELECT a.*,b.listname from sx_sct_consumablelist a LEFT JOIN sx_consumable_list b on a.list_id=b.id where a.sct_id=77 and a.suoshu_id=1; [ RunTime:0.0000s ]
SQL: SELECT a.*,b.listname from sx_sct_consumablelist a LEFT JOIN sx_tool_list b on a.list_id=b.id where a.sct_id=77 and a.suoshu_id=2; [ RunTime:0.0000s ]
NOTIC: [8] Use of undefined constant dataa - assumed 'dataa' C:\phpStudy\WWW\thinkphp323\Application\Admin\Controller\SourseItemController.class.php 第 30 行.
INFO: [ view_parse ] --START--
INFO: [ template_filter ] --START--
INFO: Run Behavior\ContentReplaceBehavior [ RunTime:0.001000s ]
INFO: [ template_filter ] --END-- [ RunTime:0.001000s ]
NOTIC: [8] Undefined variable: sct_id C:\phpStudy\WWW\thinkphp323\Application\Runtime\Cache\Admin\7d7da5e3bd281a07bb3f8a133b92781e.php 第 52 行.
INFO: Run Behavior\ParseTemplateBehavior [ RunTime:0.012000s ]
INFO: [ view_parse ] --END-- [ RunTime:0.012000s ]
INFO: [ view_filter ] --START--
INFO: Run Behavior\WriteHtmlCacheBehavior [ RunTime:0.000000s ]
INFO: [ view_filter ] --END-- [ RunTime:0.000000s ]
INFO: [ app_end ] --START--
INFO: Run Behavior\ShowPageTraceBehavior [ RunTime:0.001000s ]
INFO: [ app_end ] --END-- [ RunTime:0.001000s ]

[ 2017-02-18T11:24:35+08:00 ] 127.0.0.1 /Admin/SourseItem/searchsourse.html?sct_id=77
INFO: [ app_init ] --START--
INFO: Run Behavior\BuildLiteBehavior [ RunTime:0.000000s ]
INFO: [ app_init ] --END-- [ RunTime:0.001000s ]
INFO: [ app_begin ] --START--
INFO: Run Behavior\ReadHtmlCacheBehavior [ RunTime:0.001000s ]
INFO: [ app_begin ] --END-- [ RunTime:0.001000s ]
SQL: SHOW COLUMNS FROM `sx_sourse_class_teacher` [ RunTime:0.0040s ]
SQL: SELECT a.*,b.listname,b.id idd from sx_sct_consumablelist a LEFT JOIN sx_consumable_list b on a.list_id=b.id where a.sct_id=77 and a.suoshu_id=1; [ RunTime:0.0000s ]

[ 2017-02-18T11:24:37+08:00 ] 127.0.0.1 /Admin/SourseItem/displayunit.html?id=2
INFO: [ app_init ] --START--
INFO: Run Behavior\BuildLiteBehavior [ RunTime:0.000000s ]
INFO: [ app_init ] --END-- [ RunTime:0.001000s ]
INFO: [ app_begin ] --START--
INFO: Run Behavior\ReadHtmlCacheBehavior [ RunTime:0.000000s ]
INFO: [ app_begin ] --END-- [ RunTime:0.000000s ]
SQL: SHOW COLUMNS FROM `sx_consumable_list` [ RunTime:0.0050s ]
SQL: SELECT * FROM `sx_consumable_list` WHERE ( id=2 )  [ RunTime:0.0010s ]

[ 2017-02-18T11:24:38+08:00 ] 127.0.0.1 /Admin/SourseItem/addSourseItem.html
INFO: [ app_init ] --START--
INFO: Run Behavior\BuildLiteBehavior [ RunTime:0.000000s ]
INFO: [ app_init ] --END-- [ RunTime:0.000000s ]
INFO: [ app_begin ] --START--
INFO: Run Behavior\ReadHtmlCacheBehavior [ RunTime:0.001000s ]
INFO: [ app_begin ] --END-- [ RunTime:0.001000s ]
SQL: SHOW COLUMNS FROM `sx_sourse_class_teacher` [ RunTime:0.0040s ]
SQL: SELECT a.*,b.sourse,c.class,d.profession from sx_sourse_class_teacher a LEFT JOIN sx_sourse b on a.sourse_id=b.id LEFT JOIN sx_class c on a.class_id=c.id LEFT JOIN sx_profession d on d.id=c.profession_id where a.teacher_id=4; [ RunTime:0.0000s ]
NOTIC: [8] Use of undefined constant data - assumed 'data' C:\phpStudy\WWW\thinkphp323\Application\Admin\Controller\SourseItemController.class.php 第 26 行.
SQL: SELECT a.*,b.listname from sx_sct_consumablelist a LEFT JOIN sx_consumable_list b on a.list_id=b.id where a.sct_id=77 and a.suoshu_id=1; [ RunTime:0.0010s ]
SQL: SELECT a.*,b.listname from sx_sct_consumablelist a LEFT JOIN sx_tool_list b on a.list_id=b.id where a.sct_id=77 and a.suoshu_id=2; [ RunTime:0.0000s ]
NOTIC: [8] Use of undefined constant dataa - assumed 'dataa' C:\phpStudy\WWW\thinkphp323\Application\Admin\Controller\SourseItemController.class.php 第 30 行.
INFO: [ view_parse ] --START--
INFO: [ template_filter ] --START--
INFO: Run Behavior\ContentReplaceBehavior [ RunTime:0.000000s ]
INFO: [ template_filter ] --END-- [ RunTime:0.000000s ]
NOTIC: [8] Undefined variable: sct_id C:\phpStudy\WWW\thinkphp323\Application\Runtime\Cache\Admin\7d7da5e3bd281a07bb3f8a133b92781e.php 第 52 行.
INFO: Run Behavior\ParseTemplateBehavior [ RunTime:0.010001s ]
INFO: [ view_parse ] --END-- [ RunTime:0.010001s ]
INFO: [ view_filter ] --START--
INFO: Run Behavior\WriteHtmlCacheBehavior [ RunTime:0.001000s ]
INFO: [ view_filter ] --END-- [ RunTime:0.001000s ]
INFO: [ app_end ] --START--
INFO: Run Behavior\ShowPageTraceBehavior [ RunTime:0.001000s ]
INFO: [ app_end ] --END-- [ RunTime:0.001000s ]

[ 2017-02-18T11:32:02+08:00 ] 127.0.0.1 /Admin/SourseItem/addSourseItem.html
INFO: [ app_init ] --START--
INFO: Run Behavior\BuildLiteBehavior [ RunTime:0.000000s ]
INFO: [ app_init ] --END-- [ RunTime:0.000000s ]
INFO: [ app_begin ] --START--
INFO: Run Behavior\ReadHtmlCacheBehavior [ RunTime:0.000000s ]
INFO: [ app_begin ] --END-- [ RunTime:0.000000s ]
SQL: SHOW COLUMNS FROM `sx_sourse_class_teacher` [ RunTime:0.0120s ]
SQL: SELECT a.*,b.sourse,c.class,d.profession from sx_sourse_class_teacher a LEFT JOIN sx_sourse b on a.sourse_id=b.id LEFT JOIN sx_class c on a.class_id=c.id LEFT JOIN sx_profession d on d.id=c.profession_id where a.teacher_id=4; [ RunTime:0.0010s ]
NOTIC: [8] Use of undefined constant data - assumed 'data' C:\phpStudy\WWW\thinkphp323\Application\Admin\Controller\SourseItemController.class.php 第 26 行.
SQL: SELECT a.*,b.listname from sx_sct_consumablelist a LEFT JOIN sx_consumable_list b on a.list_id=b.id where a.sct_id=77 and a.suoshu_id=1; [ RunTime:0.0000s ]
SQL: SELECT a.*,b.listname from sx_sct_consumablelist a LEFT JOIN sx_tool_list b on a.list_id=b.id where a.sct_id=77 and a.suoshu_id=2; [ RunTime:0.0010s ]
NOTIC: [8] Use of undefined constant dataa - assumed 'dataa' C:\phpStudy\WWW\thinkphp323\Application\Admin\Controller\SourseItemController.class.php 第 30 行.
INFO: [ view_parse ] --START--
INFO: [ template_filter ] --START--
INFO: Run Behavior\ContentReplaceBehavior [ RunTime:0.000000s ]
INFO: [ template_filter ] --END-- [ RunTime:0.000000s ]
NOTIC: [8] Undefined variable: sct_id C:\phpStudy\WWW\thinkphp323\Application\Runtime\Cache\Admin\7d7da5e3bd281a07bb3f8a133b92781e.php 第 52 行.
INFO: Run Behavior\ParseTemplateBehavior [ RunTime:0.012000s ]
INFO: [ view_parse ] --END-- [ RunTime:0.012000s ]
INFO: [ view_filter ] --START--
INFO: Run Behavior\WriteHtmlCacheBehavior [ RunTime:0.001000s ]
INFO: [ view_filter ] --END-- [ RunTime:0.001000s ]
INFO: [ app_end ] --START--
INFO: Run Behavior\ShowPageTraceBehavior [ RunTime:0.001000s ]
INFO: [ app_end ] --END-- [ RunTime:0.001000s ]

[ 2017-02-18T11:32:04+08:00 ] 127.0.0.1 /Admin/SourseItem/searchsourse.html?sct_id=40
INFO: [ app_init ] --START--
INFO: Run Behavior\BuildLiteBehavior [ RunTime:0.000000s ]
INFO: [ app_init ] --END-- [ RunTime:0.000000s ]
INFO: [ app_begin ] --START--
INFO: Run Behavior\ReadHtmlCacheBehavior [ RunTime:0.001000s ]
INFO: [ app_begin ] --END-- [ RunTime:0.001000s ]
SQL: SHOW COLUMNS FROM `sx_sourse_class_teacher` [ RunTime:0.0090s ]
SQL: SELECT a.*,b.listname,b.id idd from sx_sct_consumablelist a LEFT JOIN sx_consumable_list b on a.list_id=b.id where a.sct_id=40 and a.suoshu_id=1; [ RunTime:0.0000s ]

[ 2017-02-18T11:32:08+08:00 ] 127.0.0.1 /Admin/SourseItem/displayunit.html?id=4
INFO: [ app_init ] --START--
INFO: Run Behavior\BuildLiteBehavior [ RunTime:0.000000s ]
INFO: [ app_init ] --END-- [ RunTime:0.001000s ]
INFO: [ app_begin ] --START--
INFO: Run Behavior\ReadHtmlCacheBehavior [ RunTime:0.000000s ]
INFO: [ app_begin ] --END-- [ RunTime:0.000000s ]
SQL: SHOW COLUMNS FROM `sx_consumable_list` [ RunTime:0.0130s ]
SQL: SELECT * FROM `sx_consumable_list` WHERE ( id=4 )  [ RunTime:0.0000s ]

[ 2017-02-18T11:32:10+08:00 ] 127.0.0.1 /Admin/SourseItem/displayunit.html?id=4
INFO: [ app_init ] --START--
INFO: Run Behavior\BuildLiteBehavior [ RunTime:0.000000s ]
INFO: [ app_init ] --END-- [ RunTime:0.000000s ]
INFO: [ app_begin ] --START--
INFO: Run Behavior\ReadHtmlCacheBehavior [ RunTime:0.000000s ]
INFO: [ app_begin ] --END-- [ RunTime:0.000000s ]
SQL: SHOW COLUMNS FROM `sx_consumable_list` [ RunTime:0.0110s ]
SQL: SELECT * FROM `sx_consumable_list` WHERE ( id=4 )  [ RunTime:0.0000s ]

[ 2017-02-18T11:32:12+08:00 ] 127.0.0.1 /Admin/SourseItem/displayunit.html?id=1%E4%B8%AA%E5%8F%AF%E9%80%89%E9%A1%B9%EF%BC%9A
INFO: [ app_init ] --START--
INFO: Run Behavior\BuildLiteBehavior [ RunTime:0.000000s ]
INFO: [ app_init ] --END-- [ RunTime:0.001000s ]
INFO: [ app_begin ] --START--
INFO: Run Behavior\ReadHtmlCacheBehavior [ RunTime:0.000000s ]
INFO: [ app_begin ] --END-- [ RunTime:0.001000s ]
SQL: SHOW COLUMNS FROM `sx_consumable_list` [ RunTime:0.0140s ]
ERR: 1054:Unknown column '1个可选项：' in 'where clause'
 [ SQL语句 ] : SELECT * FROM `sx_consumable_list` WHERE ( id=1个可选项： ) 
ERR: 1054:Unknown column '1个可选项：' in 'where clause'
 [ SQL语句 ] : SELECT * FROM `sx_consumable_list` WHERE ( id=1个可选项： ) 

[ 2017-02-18T11:32:14+08:00 ] 127.0.0.1 /Admin/SourseItem/searchsourse.html?sct_id=77
INFO: [ app_init ] --START--
INFO: Run Behavior\BuildLiteBehavior [ RunTime:0.000000s ]
INFO: [ app_init ] --END-- [ RunTime:0.000000s ]
INFO: [ app_begin ] --START--
INFO: Run Behavior\ReadHtmlCacheBehavior [ RunTime:0.001000s ]
INFO: [ app_begin ] --END-- [ RunTime:0.001000s ]
SQL: SHOW COLUMNS FROM `sx_sourse_class_teacher` [ RunTime:0.0080s ]
SQL: SELECT a.*,b.listname,b.id idd from sx_sct_consumablelist a LEFT JOIN sx_consumable_list b on a.list_id=b.id where a.sct_id=77 and a.suoshu_id=1; [ RunTime:0.0000s ]

[ 2017-02-18T11:34:53+08:00 ] 127.0.0.1 /Admin/SourseItem/addSourseItem.html
INFO: [ app_init ] --START--
INFO: Run Behavior\BuildLiteBehavior [ RunTime:0.000000s ]
INFO: [ app_init ] --END-- [ RunTime:0.000000s ]
INFO: [ app_begin ] --START--
INFO: Run Behavior\ReadHtmlCacheBehavior [ RunTime:0.000000s ]
INFO: [ app_begin ] --END-- [ RunTime:0.001000s ]
SQL: SHOW COLUMNS FROM `sx_sourse_class_teacher` [ RunTime:0.0130s ]
SQL: SELECT a.*,b.sourse,c.class,d.profession from sx_sourse_class_teacher a LEFT JOIN sx_sourse b on a.sourse_id=b.id LEFT JOIN sx_class c on a.class_id=c.id LEFT JOIN sx_profession d on d.id=c.profession_id where a.teacher_id=4; [ RunTime:0.0010s ]
NOTIC: [8] Use of undefined constant data - assumed 'data' C:\phpStudy\WWW\thinkphp323\Application\Admin\Controller\SourseItemController.class.php 第 26 行.
SQL: SELECT a.*,b.listname from sx_sct_consumablelist a LEFT JOIN sx_consumable_list b on a.list_id=b.id where a.sct_id=77 and a.suoshu_id=1; [ RunTime:0.0000s ]
SQL: SELECT a.*,b.listname from sx_sct_consumablelist a LEFT JOIN sx_tool_list b on a.list_id=b.id where a.sct_id=77 and a.suoshu_id=2; [ RunTime:0.0000s ]
NOTIC: [8] Use of undefined constant dataa - assumed 'dataa' C:\phpStudy\WWW\thinkphp323\Application\Admin\Controller\SourseItemController.class.php 第 30 行.
INFO: [ view_parse ] --START--
INFO: [ template_filter ] --START--
INFO: Run Behavior\ContentReplaceBehavior [ RunTime:0.000000s ]
INFO: [ template_filter ] --END-- [ RunTime:0.000000s ]
NOTIC: [8] Undefined variable: sct_id C:\phpStudy\WWW\thinkphp323\Application\Runtime\Cache\Admin\7d7da5e3bd281a07bb3f8a133b92781e.php 第 52 行.
INFO: Run Behavior\ParseTemplateBehavior [ RunTime:0.011001s ]
INFO: [ view_parse ] --END-- [ RunTime:0.011001s ]
INFO: [ view_filter ] --START--
INFO: Run Behavior\WriteHtmlCacheBehavior [ RunTime:0.001000s ]
INFO: [ view_filter ] --END-- [ RunTime:0.001000s ]
INFO: [ app_end ] --START--
INFO: Run Behavior\ShowPageTraceBehavior [ RunTime:0.001000s ]
INFO: [ app_end ] --END-- [ RunTime:0.001000s ]

[ 2017-02-18T11:34:58+08:00 ] 127.0.0.1 /Admin/SourseItem/searchsourse.html?sct_id=70
INFO: [ app_init ] --START--
INFO: Run Behavior\BuildLiteBehavior [ RunTime:0.000000s ]
INFO: [ app_init ] --END-- [ RunTime:0.001000s ]
INFO: [ app_begin ] --START--
INFO: Run Behavior\ReadHtmlCacheBehavior [ RunTime:0.001000s ]
INFO: [ app_begin ] --END-- [ RunTime:0.001000s ]
SQL: SHOW COLUMNS FROM `sx_sourse_class_teacher` [ RunTime:0.0100s ]
SQL: SELECT a.*,b.listname,b.id idd from sx_sct_consumablelist a LEFT JOIN sx_consumable_list b on a.list_id=b.id where a.sct_id=70 and a.suoshu_id=1; [ RunTime:0.0000s ]

[ 2017-02-18T11:34:59+08:00 ] 127.0.0.1 /Admin/SourseItem/displayunit.html?id=2
INFO: [ app_init ] --START--
INFO: Run Behavior\BuildLiteBehavior [ RunTime:0.000000s ]
INFO: [ app_init ] --END-- [ RunTime:0.000000s ]
INFO: [ app_begin ] --START--
INFO: Run Behavior\ReadHtmlCacheBehavior [ RunTime:0.000000s ]
INFO: [ app_begin ] --END-- [ RunTime:0.000000s ]
SQL: SHOW COLUMNS FROM `sx_consumable_list` [ RunTime:0.0130s ]
SQL: SELECT * FROM `sx_consumable_list` WHERE ( id=2 )  [ RunTime:0.0010s ]

[ 2017-02-18T11:35:01+08:00 ] 127.0.0.1 /Admin/SourseItem/displayunit.html?id=1
INFO: [ app_init ] --START--
INFO: Run Behavior\BuildLiteBehavior [ RunTime:0.000000s ]
INFO: [ app_init ] --END-- [ RunTime:0.000000s ]
INFO: [ app_begin ] --START--
INFO: Run Behavior\ReadHtmlCacheBehavior [ RunTime:0.001001s ]
INFO: [ app_begin ] --END-- [ RunTime:0.001001s ]
SQL: SHOW COLUMNS FROM `sx_consumable_list` [ RunTime:0.0160s ]
SQL: SELECT * FROM `sx_consumable_list` WHERE ( id=1 )  [ RunTime:0.0000s ]

[ 2017-02-18T11:35:05+08:00 ] 127.0.0.1 /Admin/SourseItem/displayunit.html?id=1
INFO: [ app_init ] --START--
INFO: Run Behavior\BuildLiteBehavior [ RunTime:0.000000s ]
INFO: [ app_init ] --END-- [ RunTime:0.001000s ]
INFO: [ app_begin ] --START--
INFO: Run Behavior\ReadHtmlCacheBehavior [ RunTime:0.001000s ]
INFO: [ app_begin ] --END-- [ RunTime:0.001000s ]
SQL: SHOW COLUMNS FROM `sx_consumable_list` [ RunTime:0.0110s ]
SQL: SELECT * FROM `sx_consumable_list` WHERE ( id=1 )  [ RunTime:0.0010s ]

[ 2017-02-18T11:35:50+08:00 ] 127.0.0.1 /Admin/SourseItem/addSourseItem.html
INFO: [ app_init ] --START--
INFO: Run Behavior\BuildLiteBehavior [ RunTime:0.000000s ]
INFO: [ app_init ] --END-- [ RunTime:0.001000s ]
INFO: [ app_begin ] --START--
INFO: Run Behavior\ReadHtmlCacheBehavior [ RunTime:0.001000s ]
INFO: [ app_begin ] --END-- [ RunTime:0.001000s ]
SQL: SHOW COLUMNS FROM `sx_sourse_class_teacher` [ RunTime:0.0130s ]
SQL: SELECT a.*,b.sourse,c.class,d.profession from sx_sourse_class_teacher a LEFT JOIN sx_sourse b on a.sourse_id=b.id LEFT JOIN sx_class c on a.class_id=c.id LEFT JOIN sx_profession d on d.id=c.profession_id where a.teacher_id=4; [ RunTime:0.0010s ]
NOTIC: [8] Use of undefined constant data - assumed 'data' C:\phpStudy\WWW\thinkphp323\Application\Admin\Controller\SourseItemController.class.php 第 26 行.
SQL: SELECT a.*,b.listname from sx_sct_consumablelist a LEFT JOIN sx_consumable_list b on a.list_id=b.id where a.sct_id=77 and a.suoshu_id=1; [ RunTime:0.0000s ]
SQL: SELECT a.*,b.listname from sx_sct_consumablelist a LEFT JOIN sx_tool_list b on a.list_id=b.id where a.sct_id=77 and a.suoshu_id=2; [ RunTime:0.0000s ]
NOTIC: [8] Use of undefined constant dataa - assumed 'dataa' C:\phpStudy\WWW\thinkphp323\Application\Admin\Controller\SourseItemController.class.php 第 30 行.
INFO: [ view_parse ] --START--
INFO: [ template_filter ] --START--
INFO: Run Behavior\ContentReplaceBehavior [ RunTime:0.000000s ]
INFO: [ template_filter ] --END-- [ RunTime:0.000000s ]
NOTIC: [8] Undefined variable: sct_id C:\phpStudy\WWW\thinkphp323\Application\Runtime\Cache\Admin\7d7da5e3bd281a07bb3f8a133b92781e.php 第 52 行.
INFO: Run Behavior\ParseTemplateBehavior [ RunTime:0.011001s ]
INFO: [ view_parse ] --END-- [ RunTime:0.011001s ]
INFO: [ view_filter ] --START--
INFO: Run Behavior\WriteHtmlCacheBehavior [ RunTime:0.000000s ]
INFO: [ view_filter ] --END-- [ RunTime:0.001000s ]
INFO: [ app_end ] --START--
INFO: Run Behavior\ShowPageTraceBehavior [ RunTime:0.001000s ]
INFO: [ app_end ] --END-- [ RunTime:0.001000s ]

[ 2017-02-18T11:35:54+08:00 ] 127.0.0.1 /Admin/SourseItem/searchsourse.html?sct_id=70
INFO: [ app_init ] --START--
INFO: Run Behavior\BuildLiteBehavior [ RunTime:0.000000s ]
INFO: [ app_init ] --END-- [ RunTime:0.000000s ]
INFO: [ app_begin ] --START--
INFO: Run Behavior\ReadHtmlCacheBehavior [ RunTime:0.001000s ]
INFO: [ app_begin ] --END-- [ RunTime:0.001000s ]
SQL: SHOW COLUMNS FROM `sx_sourse_class_teacher` [ RunTime:0.0130s ]
SQL: SELECT a.*,b.listname,b.id idd from sx_sct_consumablelist a LEFT JOIN sx_consumable_list b on a.list_id=b.id where a.sct_id=70 and a.suoshu_id=1; [ RunTime:0.0000s ]

[ 2017-02-18T11:35:55+08:00 ] 127.0.0.1 /Admin/SourseItem/displayunit.html?id=2
INFO: [ app_init ] --START--
INFO: Run Behavior\BuildLiteBehavior [ RunTime:0.000000s ]
INFO: [ app_init ] --END-- [ RunTime:0.000000s ]
INFO: [ app_begin ] --START--
INFO: Run Behavior\ReadHtmlCacheBehavior [ RunTime:0.000000s ]
INFO: [ app_begin ] --END-- [ RunTime:0.000000s ]
SQL: SHOW COLUMNS FROM `sx_consumable_list` [ RunTime:0.0070s ]
SQL: SELECT * FROM `sx_consumable_list` WHERE ( id=2 )  [ RunTime:0.0000s ]

[ 2017-02-18T11:35:57+08:00 ] 127.0.0.1 /Admin/SourseItem/displayunit.html?id=1
INFO: [ app_init ] --START--
INFO: Run Behavior\BuildLiteBehavior [ RunTime:0.000000s ]
INFO: [ app_init ] --END-- [ RunTime:0.000000s ]
INFO: [ app_begin ] --START--
INFO: Run Behavior\ReadHtmlCacheBehavior [ RunTime:0.001000s ]
INFO: [ app_begin ] --END-- [ RunTime:0.001000s ]
SQL: SHOW COLUMNS FROM `sx_consumable_list` [ RunTime:0.0060s ]
SQL: SELECT * FROM `sx_consumable_list` WHERE ( id=1 )  [ RunTime:0.0010s ]

[ 2017-02-18T11:35:58+08:00 ] 127.0.0.1 /Admin/SourseItem/displayunit.html?id=2
INFO: [ app_init ] --START--
INFO: Run Behavior\BuildLiteBehavior [ RunTime:0.000000s ]
INFO: [ app_init ] --END-- [ RunTime:0.001000s ]
INFO: [ app_begin ] --START--
INFO: Run Behavior\ReadHtmlCacheBehavior [ RunTime:0.001000s ]
INFO: [ app_begin ] --END-- [ RunTime:0.001000s ]
SQL: SHOW COLUMNS FROM `sx_consumable_list` [ RunTime:0.0120s ]
SQL: SELECT * FROM `sx_consumable_list` WHERE ( id=2 )  [ RunTime:0.0000s ]

[ 2017-02-18T11:36:00+08:00 ] 127.0.0.1 /Admin/SourseItem/displayunit.html?id=1
INFO: [ app_init ] --START--
INFO: Run Behavior\BuildLiteBehavior [ RunTime:0.000000s ]
INFO: [ app_init ] --END-- [ RunTime:0.001000s ]
INFO: [ app_begin ] --START--
INFO: Run Behavior\ReadHtmlCacheBehavior [ RunTime:0.001000s ]
INFO: [ app_begin ] --END-- [ RunTime:0.001000s ]
SQL: SHOW COLUMNS FROM `sx_consumable_list` [ RunTime:0.0120s ]
SQL: SELECT * FROM `sx_consumable_list` WHERE ( id=1 )  [ RunTime:0.0010s ]

[ 2017-02-18T11:36:01+08:00 ] 127.0.0.1 /Admin/SourseItem/displayunit.html?id=2
INFO: [ app_init ] --START--
INFO: Run Behavior\BuildLiteBehavior [ RunTime:0.000000s ]
INFO: [ app_init ] --END-- [ RunTime:0.001000s ]
INFO: [ app_begin ] --START--
INFO: Run Behavior\ReadHtmlCacheBehavior [ RunTime:0.001000s ]
INFO: [ app_begin ] --END-- [ RunTime:0.001000s ]
SQL: SHOW COLUMNS FROM `sx_consumable_list` [ RunTime:0.0120s ]
SQL: SELECT * FROM `sx_consumable_list` WHERE ( id=2 )  [ RunTime:0.0000s ]

[ 2017-02-18T11:36:02+08:00 ] 127.0.0.1 /Admin/SourseItem/displayunit.html?id=1
INFO: [ app_init ] --START--
INFO: Run Behavior\BuildLiteBehavior [ RunTime:0.000000s ]
INFO: [ app_init ] --END-- [ RunTime:0.000000s ]
INFO: [ app_begin ] --START--
INFO: Run Behavior\ReadHtmlCacheBehavior [ RunTime:0.001000s ]
INFO: [ app_begin ] --END-- [ RunTime:0.001000s ]
SQL: SHOW COLUMNS FROM `sx_consumable_list` [ RunTime:0.0130s ]
SQL: SELECT * FROM `sx_consumable_list` WHERE ( id=1 )  [ RunTime:0.0000s ]

[ 2017-02-18T11:36:04+08:00 ] 127.0.0.1 /Admin/SourseItem/displayunit.html?id=2
INFO: [ app_init ] --START--
INFO: Run Behavior\BuildLiteBehavior [ RunTime:0.000000s ]
INFO: [ app_init ] --END-- [ RunTime:0.001000s ]
INFO: [ app_begin ] --START--
INFO: Run Behavior\ReadHtmlCacheBehavior [ RunTime:0.000000s ]
INFO: [ app_begin ] --END-- [ RunTime:0.000000s ]
SQL: SHOW COLUMNS FROM `sx_consumable_list` [ RunTime:0.0120s ]
SQL: SELECT * FROM `sx_consumable_list` WHERE ( id=2 )  [ RunTime:0.0000s ]

[ 2017-02-18T11:36:06+08:00 ] 127.0.0.1 /Admin/SourseItem/displayunit.html?id=1
INFO: [ app_init ] --START--
INFO: Run Behavior\BuildLiteBehavior [ RunTime:0.000000s ]
INFO: [ app_init ] --END-- [ RunTime:0.000000s ]
INFO: [ app_begin ] --START--
INFO: Run Behavior\ReadHtmlCacheBehavior [ RunTime:0.001000s ]
INFO: [ app_begin ] --END-- [ RunTime:0.001000s ]
SQL: SHOW COLUMNS FROM `sx_consumable_list` [ RunTime:0.0140s ]
SQL: SELECT * FROM `sx_consumable_list` WHERE ( id=1 )  [ RunTime:0.0010s ]

[ 2017-02-18T11:36:54+08:00 ] 127.0.0.1 /Admin/SourseItem/addSourseItem.html
INFO: [ app_init ] --START--
INFO: Run Behavior\BuildLiteBehavior [ RunTime:0.000000s ]
INFO: [ app_init ] --END-- [ RunTime:0.000000s ]
INFO: [ app_begin ] --START--
INFO: Run Behavior\ReadHtmlCacheBehavior [ RunTime:0.000000s ]
INFO: [ app_begin ] --END-- [ RunTime:0.000000s ]
SQL: SHOW COLUMNS FROM `sx_sourse_class_teacher` [ RunTime:0.0100s ]
SQL: SELECT a.*,b.sourse,c.class,d.profession from sx_sourse_class_teacher a LEFT JOIN sx_sourse b on a.sourse_id=b.id LEFT JOIN sx_class c on a.class_id=c.id LEFT JOIN sx_profession d on d.id=c.profession_id where a.teacher_id=4; [ RunTime:0.0040s ]
NOTIC: [8] Use of undefined constant data - assumed 'data' C:\phpStudy\WWW\thinkphp323\Application\Admin\Controller\SourseItemController.class.php 第 26 行.
SQL: SELECT a.*,b.listname from sx_sct_consumablelist a LEFT JOIN sx_consumable_list b on a.list_id=b.id where a.sct_id=77 and a.suoshu_id=1; [ RunTime:0.0020s ]
SQL: SELECT a.*,b.listname from sx_sct_consumablelist a LEFT JOIN sx_tool_list b on a.list_id=b.id where a.sct_id=77 and a.suoshu_id=2; [ RunTime:0.0010s ]
NOTIC: [8] Use of undefined constant dataa - assumed 'dataa' C:\phpStudy\WWW\thinkphp323\Application\Admin\Controller\SourseItemController.class.php 第 30 行.
INFO: [ view_parse ] --START--
INFO: [ template_filter ] --START--
INFO: Run Behavior\ContentReplaceBehavior [ RunTime:0.000000s ]
INFO: [ template_filter ] --END-- [ RunTime:0.000000s ]
NOTIC: [8] Undefined variable: sct_id C:\phpStudy\WWW\thinkphp323\Application\Runtime\Cache\Admin\7d7da5e3bd281a07bb3f8a133b92781e.php 第 52 行.
INFO: Run Behavior\ParseTemplateBehavior [ RunTime:0.010001s ]
INFO: [ view_parse ] --END-- [ RunTime:0.010001s ]
INFO: [ view_filter ] --START--
INFO: Run Behavior\WriteHtmlCacheBehavior [ RunTime:0.001000s ]
INFO: [ view_filter ] --END-- [ RunTime:0.001000s ]
INFO: [ app_end ] --START--
INFO: Run Behavior\ShowPageTraceBehavior [ RunTime:0.001000s ]
INFO: [ app_end ] --END-- [ RunTime:0.001000s ]

[ 2017-02-18T11:39:33+08:00 ] 127.0.0.1 /Admin/SourseItem/searchsourse.html?sct_id=77
INFO: [ app_init ] --START--
INFO: Run Behavior\BuildLiteBehavior [ RunTime:0.000000s ]
INFO: [ app_init ] --END-- [ RunTime:0.001000s ]
INFO: [ app_begin ] --START--
INFO: Run Behavior\ReadHtmlCacheBehavior [ RunTime:0.000000s ]
INFO: [ app_begin ] --END-- [ RunTime:0.001000s ]
SQL: SHOW COLUMNS FROM `sx_sourse_class_teacher` [ RunTime:0.0130s ]
SQL: SELECT a.*,b.listname,b.id idd from sx_sct_consumablelist a LEFT JOIN sx_consumable_list b on a.list_id=b.id where a.sct_id=77 and a.suoshu_id=1; [ RunTime:0.0000s ]

[ 2017-02-18T11:41:12+08:00 ] 127.0.0.1 /Admin/SourseItem/addSourseItem.html
INFO: [ app_init ] --START--
INFO: Run Behavior\BuildLiteBehavior [ RunTime:0.001000s ]
INFO: [ app_init ] --END-- [ RunTime:0.001000s ]
INFO: [ app_begin ] --START--
INFO: Run Behavior\ReadHtmlCacheBehavior [ RunTime:0.000000s ]
INFO: [ app_begin ] --END-- [ RunTime:0.001000s ]
SQL: SHOW COLUMNS FROM `sx_sourse_class_teacher` [ RunTime:0.0140s ]
SQL: SELECT a.*,b.sourse,c.class,d.profession from sx_sourse_class_teacher a LEFT JOIN sx_sourse b on a.sourse_id=b.id LEFT JOIN sx_class c on a.class_id=c.id LEFT JOIN sx_profession d on d.id=c.profession_id where a.teacher_id=4; [ RunTime:0.0000s ]
NOTIC: [8] Use of undefined constant data - assumed 'data' C:\phpStudy\WWW\thinkphp323\Application\Admin\Controller\SourseItemController.class.php 第 26 行.
SQL: SELECT a.*,b.listname from sx_sct_consumablelist a LEFT JOIN sx_consumable_list b on a.list_id=b.id where a.sct_id=77 and a.suoshu_id=1; [ RunTime:0.0000s ]
SQL: SELECT a.*,b.listname from sx_sct_consumablelist a LEFT JOIN sx_tool_list b on a.list_id=b.id where a.sct_id=77 and a.suoshu_id=2; [ RunTime:0.0000s ]
NOTIC: [8] Use of undefined constant dataa - assumed 'dataa' C:\phpStudy\WWW\thinkphp323\Application\Admin\Controller\SourseItemController.class.php 第 30 行.
INFO: [ view_parse ] --START--
INFO: [ template_filter ] --START--
INFO: Run Behavior\ContentReplaceBehavior [ RunTime:0.000000s ]
INFO: [ template_filter ] --END-- [ RunTime:0.000000s ]
NOTIC: [8] Undefined variable: sct_id C:\phpStudy\WWW\thinkphp323\Application\Runtime\Cache\Admin\7d7da5e3bd281a07bb3f8a133b92781e.php 第 52 行.
INFO: Run Behavior\ParseTemplateBehavior [ RunTime:0.010000s ]
INFO: [ view_parse ] --END-- [ RunTime:0.010000s ]
INFO: [ view_filter ] --START--
INFO: Run Behavior\WriteHtmlCacheBehavior [ RunTime:0.000000s ]
INFO: [ view_filter ] --END-- [ RunTime:0.000000s ]
INFO: [ app_end ] --START--
INFO: Run Behavior\ShowPageTraceBehavior [ RunTime:0.001000s ]
INFO: [ app_end ] --END-- [ RunTime:0.001000s ]

[ 2017-02-18T11:43:00+08:00 ] 127.0.0.1 /Admin/SourseItem/addSourseItem.html
INFO: [ app_init ] --START--
INFO: Run Behavior\BuildLiteBehavior [ RunTime:0.000000s ]
INFO: [ app_init ] --END-- [ RunTime:0.000000s ]
INFO: [ app_begin ] --START--
INFO: Run Behavior\ReadHtmlCacheBehavior [ RunTime:0.001000s ]
INFO: [ app_begin ] --END-- [ RunTime:0.001000s ]
SQL: SHOW COLUMNS FROM `sx_sourse_class_teacher` [ RunTime:0.0150s ]
SQL: SELECT a.*,b.sourse,c.class,d.profession from sx_sourse_class_teacher a LEFT JOIN sx_sourse b on a.sourse_id=b.id LEFT JOIN sx_class c on a.class_id=c.id LEFT JOIN sx_profession d on d.id=c.profession_id where a.teacher_id=4; [ RunTime:0.0000s ]
NOTIC: [8] Use of undefined constant data - assumed 'data' C:\phpStudy\WWW\thinkphp323\Application\Admin\Controller\SourseItemController.class.php 第 26 行.
SQL: SELECT a.*,b.listname from sx_sct_consumablelist a LEFT JOIN sx_consumable_list b on a.list_id=b.id where a.sct_id=77 and a.suoshu_id=1; [ RunTime:0.0010s ]
SQL: SELECT a.*,b.listname from sx_sct_consumablelist a LEFT JOIN sx_tool_list b on a.list_id=b.id where a.sct_id=77 and a.suoshu_id=2; [ RunTime:0.0000s ]
NOTIC: [8] Use of undefined constant dataa - assumed 'dataa' C:\phpStudy\WWW\thinkphp323\Application\Admin\Controller\SourseItemController.class.php 第 30 行.
INFO: [ view_parse ] --START--
INFO: [ template_filter ] --START--
INFO: Run Behavior\ContentReplaceBehavior [ RunTime:0.000000s ]
INFO: [ template_filter ] --END-- [ RunTime:0.001000s ]
NOTIC: [8] Undefined variable: sct_id C:\phpStudy\WWW\thinkphp323\Application\Runtime\Cache\Admin\7d7da5e3bd281a07bb3f8a133b92781e.php 第 52 行.
INFO: Run Behavior\ParseTemplateBehavior [ RunTime:0.014001s ]
INFO: [ view_parse ] --END-- [ RunTime:0.014001s ]
INFO: [ view_filter ] --START--
INFO: Run Behavior\WriteHtmlCacheBehavior [ RunTime:0.001000s ]
INFO: [ view_filter ] --END-- [ RunTime:0.001000s ]
INFO: [ app_end ] --START--
INFO: Run Behavior\ShowPageTraceBehavior [ RunTime:0.001000s ]
INFO: [ app_end ] --END-- [ RunTime:0.002000s ]

[ 2017-02-18T11:43:01+08:00 ] 127.0.0.1 /Admin/SourseItem/addSourseItem.html
INFO: [ app_init ] --START--
INFO: Run Behavior\BuildLiteBehavior [ RunTime:0.000000s ]
INFO: [ app_init ] --END-- [ RunTime:0.000000s ]
INFO: [ app_begin ] --START--
INFO: Run Behavior\ReadHtmlCacheBehavior [ RunTime:0.001000s ]
INFO: [ app_begin ] --END-- [ RunTime:0.001000s ]
SQL: SHOW COLUMNS FROM `sx_sourse_class_teacher` [ RunTime:0.0090s ]
SQL: SELECT a.*,b.sourse,c.class,d.profession from sx_sourse_class_teacher a LEFT JOIN sx_sourse b on a.sourse_id=b.id LEFT JOIN sx_class c on a.class_id=c.id LEFT JOIN sx_profession d on d.id=c.profession_id where a.teacher_id=4; [ RunTime:0.0000s ]
NOTIC: [8] Use of undefined constant data - assumed 'data' C:\phpStudy\WWW\thinkphp323\Application\Admin\Controller\SourseItemController.class.php 第 26 行.
SQL: SELECT a.*,b.listname from sx_sct_consumablelist a LEFT JOIN sx_consumable_list b on a.list_id=b.id where a.sct_id=77 and a.suoshu_id=1; [ RunTime:0.0000s ]
SQL: SELECT a.*,b.listname from sx_sct_consumablelist a LEFT JOIN sx_tool_list b on a.list_id=b.id where a.sct_id=77 and a.suoshu_id=2; [ RunTime:0.0000s ]
NOTIC: [8] Use of undefined constant dataa - assumed 'dataa' C:\phpStudy\WWW\thinkphp323\Application\Admin\Controller\SourseItemController.class.php 第 30 行.
INFO: [ view_parse ] --START--
INFO: [ template_filter ] --START--
INFO: Run Behavior\ContentReplaceBehavior [ RunTime:0.000000s ]
INFO: [ template_filter ] --END-- [ RunTime:0.000000s ]
NOTIC: [8] Undefined variable: sct_id C:\phpStudy\WWW\thinkphp323\Application\Runtime\Cache\Admin\7d7da5e3bd281a07bb3f8a133b92781e.php 第 52 行.
INFO: Run Behavior\ParseTemplateBehavior [ RunTime:0.009000s ]
INFO: [ view_parse ] --END-- [ RunTime:0.009000s ]
INFO: [ view_filter ] --START--
INFO: Run Behavior\WriteHtmlCacheBehavior [ RunTime:0.001000s ]
INFO: [ view_filter ] --END-- [ RunTime:0.001000s ]
INFO: [ app_end ] --START--
INFO: Run Behavior\ShowPageTraceBehavior [ RunTime:0.001000s ]
INFO: [ app_end ] --END-- [ RunTime:0.001000s ]

[ 2017-02-18T11:43:41+08:00 ] 127.0.0.1 /Admin/SourseItem/addSourseItem.html
INFO: [ app_init ] --START--
INFO: Run Behavior\BuildLiteBehavior [ RunTime:0.000000s ]
INFO: [ app_init ] --END-- [ RunTime:0.001000s ]
INFO: [ app_begin ] --START--
INFO: Run Behavior\ReadHtmlCacheBehavior [ RunTime:0.000000s ]
INFO: [ app_begin ] --END-- [ RunTime:0.000000s ]
SQL: SHOW COLUMNS FROM `sx_sourse_class_teacher` [ RunTime:0.0100s ]
SQL: SELECT a.*,b.sourse,c.class,d.profession from sx_sourse_class_teacher a LEFT JOIN sx_sourse b on a.sourse_id=b.id LEFT JOIN sx_class c on a.class_id=c.id LEFT JOIN sx_profession d on d.id=c.profession_id where a.teacher_id=4; [ RunTime:0.0000s ]
NOTIC: [8] Use of undefined constant data - assumed 'data' C:\phpStudy\WWW\thinkphp323\Application\Admin\Controller\SourseItemController.class.php 第 26 行.
SQL: SELECT a.*,b.listname from sx_sct_consumablelist a LEFT JOIN sx_consumable_list b on a.list_id=b.id where a.sct_id=77 and a.suoshu_id=1; [ RunTime:0.0000s ]
SQL: SELECT a.*,b.listname from sx_sct_consumablelist a LEFT JOIN sx_tool_list b on a.list_id=b.id where a.sct_id=77 and a.suoshu_id=2; [ RunTime:0.0000s ]
NOTIC: [8] Use of undefined constant dataa - assumed 'dataa' C:\phpStudy\WWW\thinkphp323\Application\Admin\Controller\SourseItemController.class.php 第 30 行.
INFO: [ view_parse ] --START--
INFO: [ template_filter ] --START--
INFO: Run Behavior\ContentReplaceBehavior [ RunTime:0.000000s ]
INFO: [ template_filter ] --END-- [ RunTime:0.000000s ]
NOTIC: [8] Undefined variable: sct_id C:\phpStudy\WWW\thinkphp323\Application\Runtime\Cache\Admin\7d7da5e3bd281a07bb3f8a133b92781e.php 第 52 行.
INFO: Run Behavior\ParseTemplateBehavior [ RunTime:0.011001s ]
INFO: [ view_parse ] --END-- [ RunTime:0.011001s ]
INFO: [ view_filter ] --START--
INFO: Run Behavior\WriteHtmlCacheBehavior [ RunTime:0.000000s ]
INFO: [ view_filter ] --END-- [ RunTime:0.000000s ]
INFO: [ app_end ] --START--
INFO: Run Behavior\ShowPageTraceBehavior [ RunTime:0.001000s ]
INFO: [ app_end ] --END-- [ RunTime:0.001000s ]

[ 2017-02-18T11:43:58+08:00 ] 127.0.0.1 /Admin/SourseItem/searchsourse.html?sct_id=40
INFO: [ app_init ] --START--
INFO: Run Behavior\BuildLiteBehavior [ RunTime:0.000000s ]
INFO: [ app_init ] --END-- [ RunTime:0.001000s ]
INFO: [ app_begin ] --START--
INFO: Run Behavior\ReadHtmlCacheBehavior [ RunTime:0.001000s ]
INFO: [ app_begin ] --END-- [ RunTime:0.001000s ]
SQL: SHOW COLUMNS FROM `sx_sourse_class_teacher` [ RunTime:0.0130s ]
SQL: SELECT a.*,b.listname,b.id idd from sx_sct_consumablelist a LEFT JOIN sx_consumable_list b on a.list_id=b.id where a.sct_id=40 and a.suoshu_id=1; [ RunTime:0.0000s ]

[ 2017-02-18T11:44:02+08:00 ] 127.0.0.1 /Admin/SourseItem/displayunit.html?id=4
INFO: [ app_init ] --START--
INFO: Run Behavior\BuildLiteBehavior [ RunTime:0.000000s ]
INFO: [ app_init ] --END-- [ RunTime:0.001000s ]
INFO: [ app_begin ] --START--
INFO: Run Behavior\ReadHtmlCacheBehavior [ RunTime:0.001000s ]
INFO: [ app_begin ] --END-- [ RunTime:0.001000s ]
SQL: SHOW COLUMNS FROM `sx_consumable_list` [ RunTime:0.0100s ]
SQL: SELECT * FROM `sx_consumable_list` WHERE ( id=4 )  [ RunTime:0.0000s ]

[ 2017-02-18T11:44:10+08:00 ] 127.0.0.1 /Admin/SourseItem/displayunit.html?id=4
INFO: [ app_init ] --START--
INFO: Run Behavior\BuildLiteBehavior [ RunTime:0.000000s ]
INFO: [ app_init ] --END-- [ RunTime:0.000000s ]
INFO: [ app_begin ] --START--
INFO: Run Behavior\ReadHtmlCacheBehavior [ RunTime:0.000000s ]
INFO: [ app_begin ] --END-- [ RunTime:0.001000s ]
SQL: SHOW COLUMNS FROM `sx_consumable_list` [ RunTime:0.0140s ]
SQL: SELECT * FROM `sx_consumable_list` WHERE ( id=4 )  [ RunTime:0.0010s ]

[ 2017-02-18T11:44:13+08:00 ] 127.0.0.1 /Admin/SourseItem/displayunit.html?id=4
INFO: [ app_init ] --START--
INFO: Run Behavior\BuildLiteBehavior [ RunTime:0.000000s ]
INFO: [ app_init ] --END-- [ RunTime:0.001000s ]
INFO: [ app_begin ] --START--
INFO: Run Behavior\ReadHtmlCacheBehavior [ RunTime:0.001000s ]
INFO: [ app_begin ] --END-- [ RunTime:0.001000s ]
SQL: SHOW COLUMNS FROM `sx_consumable_list` [ RunTime:0.0140s ]
SQL: SELECT * FROM `sx_consumable_list` WHERE ( id=4 )  [ RunTime:0.0000s ]

[ 2017-02-18T11:44:36+08:00 ] 127.0.0.1 /Admin/SourseItem/searchsourse.html?sct_id=77
INFO: [ app_init ] --START--
INFO: Run Behavior\BuildLiteBehavior [ RunTime:0.000000s ]
INFO: [ app_init ] --END-- [ RunTime:0.000000s ]
INFO: [ app_begin ] --START--
INFO: Run Behavior\ReadHtmlCacheBehavior [ RunTime:0.000000s ]
INFO: [ app_begin ] --END-- [ RunTime:0.000000s ]
SQL: SHOW COLUMNS FROM `sx_sourse_class_teacher` [ RunTime:0.0130s ]
SQL: SELECT a.*,b.listname,b.id idd from sx_sct_consumablelist a LEFT JOIN sx_consumable_list b on a.list_id=b.id where a.sct_id=77 and a.suoshu_id=1; [ RunTime:0.0010s ]

